 
****************************************
Report : timing
        -path full
        -delay min
        -max_paths 100
Design : SYS_TOP_dft
Version: K-2015.06
Date   : Wed Aug 24 22:13:26 2022
****************************************

Operating Conditions: scmetro_tsmc_cl013g_rvt_ff_1p32v_m40c   Library: scmetro_tsmc_cl013g_rvt_ff_1p32v_m40c
Wire Load Model Mode: top

  Startpoint: U0_ALU/result_reg[1]
              (rising edge-triggered flip-flop clocked by ALU_CLK)
  Endpoint: U0_ALU/result_reg[1]
            (rising edge-triggered flip-flop clocked by ALU_CLK)
  Path Group: ALU_CLK
  Path Type: min

  Des/Clust/Port     Wire Load Model       Library
  ------------------------------------------------
  SYS_TOP_dft        tsmc13_wl30           scmetro_tsmc_cl013g_rvt_ss_1p08v_125c

  Point                                    Incr       Path
  -----------------------------------------------------------
  clock ALU_CLK (rise edge)                0.00       0.00
  clock network delay (ideal)              0.00       0.00
  U0_ALU/result_reg[1]/CK (SDFFRQX1M)      0.00       0.00 r
  U0_ALU/result_reg[1]/Q (SDFFRQX1M)       0.85       0.85 r
  U0_ALU/U178/Y (OAI2BB2X1M)               0.45       1.30 r
  U0_ALU/result_reg[1]/D (SDFFRQX1M)       0.00       1.30 r
  data arrival time                                   1.30

  clock ALU_CLK (rise edge)                0.00       0.00
  clock network delay (ideal)              0.00       0.00
  clock uncertainty                        0.10       0.10
  U0_ALU/result_reg[1]/CK (SDFFRQX1M)      0.00       0.10 r
  library hold time                       -0.23      -0.13
  data required time                                 -0.13
  -----------------------------------------------------------
  data required time                                 -0.13
  data arrival time                                  -1.30
  -----------------------------------------------------------
  slack (MET)                                         1.44


  Startpoint: U0_ALU/result_reg[0]
              (rising edge-triggered flip-flop clocked by ALU_CLK)
  Endpoint: U0_ALU/result_reg[0]
            (rising edge-triggered flip-flop clocked by ALU_CLK)
  Path Group: ALU_CLK
  Path Type: min

  Des/Clust/Port     Wire Load Model       Library
  ------------------------------------------------
  SYS_TOP_dft        tsmc13_wl30           scmetro_tsmc_cl013g_rvt_ss_1p08v_125c

  Point                                    Incr       Path
  -----------------------------------------------------------
  clock ALU_CLK (rise edge)                0.00       0.00
  clock network delay (ideal)              0.00       0.00
  U0_ALU/result_reg[0]/CK (SDFFRQX1M)      0.00       0.00 r
  U0_ALU/result_reg[0]/Q (SDFFRQX1M)       0.85       0.85 r
  U0_ALU/U174/Y (OAI2BB2X1M)               0.45       1.30 r
  U0_ALU/result_reg[0]/D (SDFFRQX1M)       0.00       1.30 r
  data arrival time                                   1.30

  clock ALU_CLK (rise edge)                0.00       0.00
  clock network delay (ideal)              0.00       0.00
  clock uncertainty                        0.10       0.10
  U0_ALU/result_reg[0]/CK (SDFFRQX1M)      0.00       0.10 r
  library hold time                       -0.23      -0.13
  data required time                                 -0.13
  -----------------------------------------------------------
  data required time                                 -0.13
  data arrival time                                  -1.30
  -----------------------------------------------------------
  slack (MET)                                         1.44


  Startpoint: U0_ALU/result_reg[8]
              (rising edge-triggered flip-flop clocked by ALU_CLK)
  Endpoint: U0_ALU/result_reg[8]
            (rising edge-triggered flip-flop clocked by ALU_CLK)
  Path Group: ALU_CLK
  Path Type: min

  Des/Clust/Port     Wire Load Model       Library
  ------------------------------------------------
  SYS_TOP_dft        tsmc13_wl30           scmetro_tsmc_cl013g_rvt_ss_1p08v_125c

  Point                                    Incr       Path
  -----------------------------------------------------------
  clock ALU_CLK (rise edge)                0.00       0.00
  clock network delay (ideal)              0.00       0.00
  U0_ALU/result_reg[8]/CK (SDFFRQX1M)      0.00       0.00 r
  U0_ALU/result_reg[8]/Q (SDFFRQX1M)       0.85       0.85 r
  U0_ALU/U215/Y (AO22X1M)                  0.46       1.32 r
  U0_ALU/result_reg[8]/D (SDFFRQX1M)       0.00       1.32 r
  data arrival time                                   1.32

  clock ALU_CLK (rise edge)                0.00       0.00
  clock network delay (ideal)              0.00       0.00
  clock uncertainty                        0.10       0.10
  U0_ALU/result_reg[8]/CK (SDFFRQX1M)      0.00       0.10 r
  library hold time                       -0.23      -0.13
  data required time                                 -0.13
  -----------------------------------------------------------
  data required time                                 -0.13
  data arrival time                                  -1.32
  -----------------------------------------------------------
  slack (MET)                                         1.45


  Startpoint: U0_ALU/result_reg[6]
              (rising edge-triggered flip-flop clocked by ALU_CLK)
  Endpoint: U0_ALU/result_reg[6]
            (rising edge-triggered flip-flop clocked by ALU_CLK)
  Path Group: ALU_CLK
  Path Type: min

  Des/Clust/Port     Wire Load Model       Library
  ------------------------------------------------
  SYS_TOP_dft        tsmc13_wl30           scmetro_tsmc_cl013g_rvt_ss_1p08v_125c

  Point                                    Incr       Path
  -----------------------------------------------------------
  clock ALU_CLK (rise edge)                0.00       0.00
  clock network delay (ideal)              0.00       0.00
  U0_ALU/result_reg[6]/CK (SDFFRQX1M)      0.00       0.00 r
  U0_ALU/result_reg[6]/Q (SDFFRQX1M)       0.85       0.85 r
  U0_ALU/U211/Y (AO22X1M)                  0.46       1.32 r
  U0_ALU/result_reg[6]/D (SDFFRQX1M)       0.00       1.32 r
  data arrival time                                   1.32

  clock ALU_CLK (rise edge)                0.00       0.00
  clock network delay (ideal)              0.00       0.00
  clock uncertainty                        0.10       0.10
  U0_ALU/result_reg[6]/CK (SDFFRQX1M)      0.00       0.10 r
  library hold time                       -0.23      -0.13
  data required time                                 -0.13
  -----------------------------------------------------------
  data required time                                 -0.13
  data arrival time                                  -1.32
  -----------------------------------------------------------
  slack (MET)                                         1.45


  Startpoint: U0_ALU/result_reg[5]
              (rising edge-triggered flip-flop clocked by ALU_CLK)
  Endpoint: U0_ALU/result_reg[5]
            (rising edge-triggered flip-flop clocked by ALU_CLK)
  Path Group: ALU_CLK
  Path Type: min

  Des/Clust/Port     Wire Load Model       Library
  ------------------------------------------------
  SYS_TOP_dft        tsmc13_wl30           scmetro_tsmc_cl013g_rvt_ss_1p08v_125c

  Point                                    Incr       Path
  -----------------------------------------------------------
  clock ALU_CLK (rise edge)                0.00       0.00
  clock network delay (ideal)              0.00       0.00
  U0_ALU/result_reg[5]/CK (SDFFRQX1M)      0.00       0.00 r
  U0_ALU/result_reg[5]/Q (SDFFRQX1M)       0.85       0.85 r
  U0_ALU/U207/Y (AO22X1M)                  0.46       1.32 r
  U0_ALU/result_reg[5]/D (SDFFRQX1M)       0.00       1.32 r
  data arrival time                                   1.32

  clock ALU_CLK (rise edge)                0.00       0.00
  clock network delay (ideal)              0.00       0.00
  clock uncertainty                        0.10       0.10
  U0_ALU/result_reg[5]/CK (SDFFRQX1M)      0.00       0.10 r
  library hold time                       -0.23      -0.13
  data required time                                 -0.13
  -----------------------------------------------------------
  data required time                                 -0.13
  data arrival time                                  -1.32
  -----------------------------------------------------------
  slack (MET)                                         1.45


  Startpoint: U0_ALU/result_reg[4]
              (rising edge-triggered flip-flop clocked by ALU_CLK)
  Endpoint: U0_ALU/result_reg[4]
            (rising edge-triggered flip-flop clocked by ALU_CLK)
  Path Group: ALU_CLK
  Path Type: min

  Des/Clust/Port     Wire Load Model       Library
  ------------------------------------------------
  SYS_TOP_dft        tsmc13_wl30           scmetro_tsmc_cl013g_rvt_ss_1p08v_125c

  Point                                    Incr       Path
  -----------------------------------------------------------
  clock ALU_CLK (rise edge)                0.00       0.00
  clock network delay (ideal)              0.00       0.00
  U0_ALU/result_reg[4]/CK (SDFFRQX1M)      0.00       0.00 r
  U0_ALU/result_reg[4]/Q (SDFFRQX1M)       0.85       0.85 r
  U0_ALU/U203/Y (AO22X1M)                  0.46       1.32 r
  U0_ALU/result_reg[4]/D (SDFFRQX1M)       0.00       1.32 r
  data arrival time                                   1.32

  clock ALU_CLK (rise edge)                0.00       0.00
  clock network delay (ideal)              0.00       0.00
  clock uncertainty                        0.10       0.10
  U0_ALU/result_reg[4]/CK (SDFFRQX1M)      0.00       0.10 r
  library hold time                       -0.23      -0.13
  data required time                                 -0.13
  -----------------------------------------------------------
  data required time                                 -0.13
  data arrival time                                  -1.32
  -----------------------------------------------------------
  slack (MET)                                         1.45


  Startpoint: U0_ALU/result_reg[3]
              (rising edge-triggered flip-flop clocked by ALU_CLK)
  Endpoint: U0_ALU/result_reg[3]
            (rising edge-triggered flip-flop clocked by ALU_CLK)
  Path Group: ALU_CLK
  Path Type: min

  Des/Clust/Port     Wire Load Model       Library
  ------------------------------------------------
  SYS_TOP_dft        tsmc13_wl30           scmetro_tsmc_cl013g_rvt_ss_1p08v_125c

  Point                                    Incr       Path
  -----------------------------------------------------------
  clock ALU_CLK (rise edge)                0.00       0.00
  clock network delay (ideal)              0.00       0.00
  U0_ALU/result_reg[3]/CK (SDFFRQX1M)      0.00       0.00 r
  U0_ALU/result_reg[3]/Q (SDFFRQX1M)       0.85       0.85 r
  U0_ALU/U199/Y (AO22X1M)                  0.46       1.32 r
  U0_ALU/result_reg[3]/D (SDFFRQX1M)       0.00       1.32 r
  data arrival time                                   1.32

  clock ALU_CLK (rise edge)                0.00       0.00
  clock network delay (ideal)              0.00       0.00
  clock uncertainty                        0.10       0.10
  U0_ALU/result_reg[3]/CK (SDFFRQX1M)      0.00       0.10 r
  library hold time                       -0.23      -0.13
  data required time                                 -0.13
  -----------------------------------------------------------
  data required time                                 -0.13
  data arrival time                                  -1.32
  -----------------------------------------------------------
  slack (MET)                                         1.45


  Startpoint: U0_ALU/result_reg[2]
              (rising edge-triggered flip-flop clocked by ALU_CLK)
  Endpoint: U0_ALU/result_reg[2]
            (rising edge-triggered flip-flop clocked by ALU_CLK)
  Path Group: ALU_CLK
  Path Type: min

  Des/Clust/Port     Wire Load Model       Library
  ------------------------------------------------
  SYS_TOP_dft        tsmc13_wl30           scmetro_tsmc_cl013g_rvt_ss_1p08v_125c

  Point                                    Incr       Path
  -----------------------------------------------------------
  clock ALU_CLK (rise edge)                0.00       0.00
  clock network delay (ideal)              0.00       0.00
  U0_ALU/result_reg[2]/CK (SDFFRQX1M)      0.00       0.00 r
  U0_ALU/result_reg[2]/Q (SDFFRQX1M)       0.85       0.85 r
  U0_ALU/U195/Y (AO22X1M)                  0.46       1.32 r
  U0_ALU/result_reg[2]/D (SDFFRQX1M)       0.00       1.32 r
  data arrival time                                   1.32

  clock ALU_CLK (rise edge)                0.00       0.00
  clock network delay (ideal)              0.00       0.00
  clock uncertainty                        0.10       0.10
  U0_ALU/result_reg[2]/CK (SDFFRQX1M)      0.00       0.10 r
  library hold time                       -0.23      -0.13
  data required time                                 -0.13
  -----------------------------------------------------------
  data required time                                 -0.13
  data arrival time                                  -1.32
  -----------------------------------------------------------
  slack (MET)                                         1.45


  Startpoint: U0_ALU/result_reg[9]
              (rising edge-triggered flip-flop clocked by ALU_CLK)
  Endpoint: U0_ALU/result_reg[9]
            (rising edge-triggered flip-flop clocked by ALU_CLK)
  Path Group: ALU_CLK
  Path Type: min

  Des/Clust/Port     Wire Load Model       Library
  ------------------------------------------------
  SYS_TOP_dft        tsmc13_wl30           scmetro_tsmc_cl013g_rvt_ss_1p08v_125c

  Point                                    Incr       Path
  -----------------------------------------------------------
  clock ALU_CLK (rise edge)                0.00       0.00
  clock network delay (ideal)              0.00       0.00
  U0_ALU/result_reg[9]/CK (SDFFRQX1M)      0.00       0.00 r
  U0_ALU/result_reg[9]/Q (SDFFRQX1M)       0.87       0.87 r
  U0_ALU/U182/Y (AOI221X2M)                0.40       1.27 f
  U0_ALU/U181/Y (INVX2M)                   0.28       1.54 r
  U0_ALU/result_reg[9]/D (SDFFRQX1M)       0.00       1.54 r
  data arrival time                                   1.54

  clock ALU_CLK (rise edge)                0.00       0.00
  clock network delay (ideal)              0.00       0.00
  clock uncertainty                        0.10       0.10
  U0_ALU/result_reg[9]/CK (SDFFRQX1M)      0.00       0.10 r
  library hold time                       -0.22      -0.12
  data required time                                 -0.12
  -----------------------------------------------------------
  data required time                                 -0.12
  data arrival time                                  -1.54
  -----------------------------------------------------------
  slack (MET)                                         1.66


  Startpoint: U0_ALU/result_reg[12]
              (rising edge-triggered flip-flop clocked by ALU_CLK)
  Endpoint: U0_ALU/result_reg[12]
            (rising edge-triggered flip-flop clocked by ALU_CLK)
  Path Group: ALU_CLK
  Path Type: min

  Des/Clust/Port     Wire Load Model       Library
  ------------------------------------------------
  SYS_TOP_dft        tsmc13_wl30           scmetro_tsmc_cl013g_rvt_ss_1p08v_125c

  Point                                                   Incr       Path
  --------------------------------------------------------------------------
  clock ALU_CLK (rise edge)                               0.00       0.00
  clock network delay (ideal)                             0.00       0.00
  U0_ALU/result_reg[12]/CK (SDFFRQX1M)                    0.00       0.00 r
  U0_ALU/result_reg[12]/Q (SDFFRQX1M)                     0.87       0.87 r
  U0_ALU/U188/Y (AOI221X2M)                               0.40       1.27 f
  U0_ALU/U187/Y (INVX2M)                                  0.28       1.54 r
  U0_ALU/result_reg[12]/D (SDFFRQX1M)                     0.00       1.54 r
  data arrival time                                                  1.54

  clock ALU_CLK (rise edge)                               0.00       0.00
  clock network delay (ideal)                             0.00       0.00
  clock uncertainty                                       0.10       0.10
  U0_ALU/result_reg[12]/CK (SDFFRQX1M)                    0.00       0.10 r
  library hold time                                      -0.22      -0.12
  data required time                                                -0.12
  --------------------------------------------------------------------------
  data required time                                                -0.12
  data arrival time                                                 -1.54
  --------------------------------------------------------------------------
  slack (MET)                                                        1.66


  Startpoint: U0_ALU/result_reg[10]
              (rising edge-triggered flip-flop clocked by ALU_CLK)
  Endpoint: U0_ALU/result_reg[10]
            (rising edge-triggered flip-flop clocked by ALU_CLK)
  Path Group: ALU_CLK
  Path Type: min

  Des/Clust/Port     Wire Load Model       Library
  ------------------------------------------------
  SYS_TOP_dft        tsmc13_wl30           scmetro_tsmc_cl013g_rvt_ss_1p08v_125c

  Point                                                   Incr       Path
  --------------------------------------------------------------------------
  clock ALU_CLK (rise edge)                               0.00       0.00
  clock network delay (ideal)                             0.00       0.00
  U0_ALU/result_reg[10]/CK (SDFFRQX1M)                    0.00       0.00 r
  U0_ALU/result_reg[10]/Q (SDFFRQX1M)                     0.87       0.87 r
  U0_ALU/U184/Y (AOI221X2M)                               0.40       1.27 f
  U0_ALU/U183/Y (INVX2M)                                  0.28       1.54 r
  U0_ALU/result_reg[10]/D (SDFFRQX1M)                     0.00       1.54 r
  data arrival time                                                  1.54

  clock ALU_CLK (rise edge)                               0.00       0.00
  clock network delay (ideal)                             0.00       0.00
  clock uncertainty                                       0.10       0.10
  U0_ALU/result_reg[10]/CK (SDFFRQX1M)                    0.00       0.10 r
  library hold time                                      -0.22      -0.12
  data required time                                                -0.12
  --------------------------------------------------------------------------
  data required time                                                -0.12
  data arrival time                                                 -1.54
  --------------------------------------------------------------------------
  slack (MET)                                                        1.66


  Startpoint: U0_ALU/result_reg[15]
              (rising edge-triggered flip-flop clocked by ALU_CLK)
  Endpoint: U0_ALU/result_reg[15]
            (rising edge-triggered flip-flop clocked by ALU_CLK)
  Path Group: ALU_CLK
  Path Type: min

  Des/Clust/Port     Wire Load Model       Library
  ------------------------------------------------
  SYS_TOP_dft        tsmc13_wl30           scmetro_tsmc_cl013g_rvt_ss_1p08v_125c

  Point                                                   Incr       Path
  --------------------------------------------------------------------------
  clock ALU_CLK (rise edge)                               0.00       0.00
  clock network delay (ideal)                             0.00       0.00
  U0_ALU/result_reg[15]/CK (SDFFRQX1M)                    0.00       0.00 r
  U0_ALU/result_reg[15]/Q (SDFFRQX1M)                     0.87       0.87 r
  U0_ALU/U194/Y (AOI221X2M)                               0.40       1.27 f
  U0_ALU/U193/Y (INVX2M)                                  0.28       1.54 r
  U0_ALU/result_reg[15]/D (SDFFRQX1M)                     0.00       1.54 r
  data arrival time                                                  1.54

  clock ALU_CLK (rise edge)                               0.00       0.00
  clock network delay (ideal)                             0.00       0.00
  clock uncertainty                                       0.10       0.10
  U0_ALU/result_reg[15]/CK (SDFFRQX1M)                    0.00       0.10 r
  library hold time                                      -0.22      -0.12
  data required time                                                -0.12
  --------------------------------------------------------------------------
  data required time                                                -0.12
  data arrival time                                                 -1.54
  --------------------------------------------------------------------------
  slack (MET)                                                        1.66


  Startpoint: U0_ALU/result_reg[7]
              (rising edge-triggered flip-flop clocked by ALU_CLK)
  Endpoint: U0_ALU/result_reg[7]
            (rising edge-triggered flip-flop clocked by ALU_CLK)
  Path Group: ALU_CLK
  Path Type: min

  Des/Clust/Port     Wire Load Model       Library
  ------------------------------------------------
  SYS_TOP_dft        tsmc13_wl30           scmetro_tsmc_cl013g_rvt_ss_1p08v_125c

  Point                                    Incr       Path
  -----------------------------------------------------------
  clock ALU_CLK (rise edge)                0.00       0.00
  clock network delay (ideal)              0.00       0.00
  U0_ALU/result_reg[7]/CK (SDFFRQX1M)      0.00       0.00 r
  U0_ALU/result_reg[7]/Q (SDFFRQX1M)       0.85       0.85 r
  U0_ALU/U218/Y (AO21XLM)                  0.65       1.50 r
  U0_ALU/result_reg[7]/D (SDFFRQX1M)       0.00       1.50 r
  data arrival time                                   1.50

  clock ALU_CLK (rise edge)                0.00       0.00
  clock network delay (ideal)              0.00       0.00
  clock uncertainty                        0.10       0.10
  U0_ALU/result_reg[7]/CK (SDFFRQX1M)      0.00       0.10 r
  library hold time                       -0.26      -0.16
  data required time                                 -0.16
  -----------------------------------------------------------
  data required time                                 -0.16
  data arrival time                                  -1.50
  -----------------------------------------------------------
  slack (MET)                                         1.66


  Startpoint: U0_ALU/result_reg[14]
              (rising edge-triggered flip-flop clocked by ALU_CLK)
  Endpoint: U0_ALU/result_reg[14]
            (rising edge-triggered flip-flop clocked by ALU_CLK)
  Path Group: ALU_CLK
  Path Type: min

  Des/Clust/Port     Wire Load Model       Library
  ------------------------------------------------
  SYS_TOP_dft        tsmc13_wl30           scmetro_tsmc_cl013g_rvt_ss_1p08v_125c

  Point                                                   Incr       Path
  --------------------------------------------------------------------------
  clock ALU_CLK (rise edge)                               0.00       0.00
  clock network delay (ideal)                             0.00       0.00
  U0_ALU/result_reg[14]/CK (SDFFRQX1M)                    0.00       0.00 r
  U0_ALU/result_reg[14]/Q (SDFFRQX1M)                     0.87       0.87 r
  U0_ALU/U192/Y (AOI221X2M)                               0.40       1.27 f
  U0_ALU/U191/Y (INVX2M)                                  0.29       1.56 r
  U0_ALU/result_reg[14]/D (SDFFRQX1M)                     0.00       1.56 r
  data arrival time                                                  1.56

  clock ALU_CLK (rise edge)                               0.00       0.00
  clock network delay (ideal)                             0.00       0.00
  clock uncertainty                                       0.10       0.10
  U0_ALU/result_reg[14]/CK (SDFFRQX1M)                    0.00       0.10 r
  library hold time                                      -0.22      -0.12
  data required time                                                -0.12
  --------------------------------------------------------------------------
  data required time                                                -0.12
  data arrival time                                                 -1.56
  --------------------------------------------------------------------------
  slack (MET)                                                        1.67


  Startpoint: U0_ALU/result_reg[13]
              (rising edge-triggered flip-flop clocked by ALU_CLK)
  Endpoint: U0_ALU/result_reg[13]
            (rising edge-triggered flip-flop clocked by ALU_CLK)
  Path Group: ALU_CLK
  Path Type: min

  Des/Clust/Port     Wire Load Model       Library
  ------------------------------------------------
  SYS_TOP_dft        tsmc13_wl30           scmetro_tsmc_cl013g_rvt_ss_1p08v_125c

  Point                                                   Incr       Path
  --------------------------------------------------------------------------
  clock ALU_CLK (rise edge)                               0.00       0.00
  clock network delay (ideal)                             0.00       0.00
  U0_ALU/result_reg[13]/CK (SDFFRQX1M)                    0.00       0.00 r
  U0_ALU/result_reg[13]/Q (SDFFRQX1M)                     0.87       0.87 r
  U0_ALU/U190/Y (AOI221X2M)                               0.40       1.27 f
  U0_ALU/U189/Y (INVX2M)                                  0.29       1.56 r
  U0_ALU/result_reg[13]/D (SDFFRQX1M)                     0.00       1.56 r
  data arrival time                                                  1.56

  clock ALU_CLK (rise edge)                               0.00       0.00
  clock network delay (ideal)                             0.00       0.00
  clock uncertainty                                       0.10       0.10
  U0_ALU/result_reg[13]/CK (SDFFRQX1M)                    0.00       0.10 r
  library hold time                                      -0.22      -0.12
  data required time                                                -0.12
  --------------------------------------------------------------------------
  data required time                                                -0.12
  data arrival time                                                 -1.56
  --------------------------------------------------------------------------
  slack (MET)                                                        1.67


  Startpoint: U0_ALU/result_reg[11]
              (rising edge-triggered flip-flop clocked by ALU_CLK)
  Endpoint: U0_ALU/result_reg[11]
            (rising edge-triggered flip-flop clocked by ALU_CLK)
  Path Group: ALU_CLK
  Path Type: min

  Des/Clust/Port     Wire Load Model       Library
  ------------------------------------------------
  SYS_TOP_dft        tsmc13_wl30           scmetro_tsmc_cl013g_rvt_ss_1p08v_125c

  Point                                                   Incr       Path
  --------------------------------------------------------------------------
  clock ALU_CLK (rise edge)                               0.00       0.00
  clock network delay (ideal)                             0.00       0.00
  U0_ALU/result_reg[11]/CK (SDFFRQX1M)                    0.00       0.00 r
  U0_ALU/result_reg[11]/Q (SDFFRQX1M)                     0.87       0.87 r
  U0_ALU/U186/Y (AOI221X2M)                               0.40       1.27 f
  U0_ALU/U185/Y (INVX2M)                                  0.29       1.56 r
  U0_ALU/result_reg[11]/D (SDFFRQX1M)                     0.00       1.56 r
  data arrival time                                                  1.56

  clock ALU_CLK (rise edge)                               0.00       0.00
  clock network delay (ideal)                             0.00       0.00
  clock uncertainty                                       0.10       0.10
  U0_ALU/result_reg[11]/CK (SDFFRQX1M)                    0.00       0.10 r
  library hold time                                      -0.22      -0.12
  data required time                                                -0.12
  --------------------------------------------------------------------------
  data required time                                                -0.12
  data arrival time                                                 -1.56
  --------------------------------------------------------------------------
  slack (MET)                                                        1.67


  Startpoint: U0_ALU/result_reg[15]
              (rising edge-triggered flip-flop clocked by ALU_CLK)
  Endpoint: U0_ALU/valid_reg
            (rising edge-triggered flip-flop clocked by ALU_CLK)
  Path Group: ALU_CLK
  Path Type: min

  Des/Clust/Port     Wire Load Model       Library
  ------------------------------------------------
  SYS_TOP_dft        tsmc13_wl30           scmetro_tsmc_cl013g_rvt_ss_1p08v_125c

  Point                                                   Incr       Path
  --------------------------------------------------------------------------
  clock ALU_CLK (rise edge)                               0.00       0.00
  clock network delay (ideal)                             0.00       0.00
  U0_ALU/result_reg[15]/CK (SDFFRQX1M)                    0.00       0.00 r
  U0_ALU/result_reg[15]/Q (SDFFRQX1M)                     0.87       0.87 r
  U0_ALU/U258/Y (DLY1X1M)                                 0.89       1.76 r
  U0_ALU/valid_reg/SI (SDFFRHQX1M)                        0.00       1.76 r
  data arrival time                                                  1.76

  clock ALU_CLK (rise edge)                               0.00       0.00
  clock network delay (ideal)                             0.00       0.00
  clock uncertainty                                       0.10       0.10
  U0_ALU/valid_reg/CK (SDFFRHQX1M)                        0.00       0.10 r
  library hold time                                      -0.21      -0.11
  data required time                                                -0.11
  --------------------------------------------------------------------------
  data required time                                                -0.11
  data arrival time                                                 -1.76
  --------------------------------------------------------------------------
  slack (MET)                                                        1.87


  Startpoint: U0_ALU/result_reg[7]
              (rising edge-triggered flip-flop clocked by ALU_CLK)
  Endpoint: U0_ALU/result_reg[8]
            (rising edge-triggered flip-flop clocked by ALU_CLK)
  Path Group: ALU_CLK
  Path Type: min

  Des/Clust/Port     Wire Load Model       Library
  ------------------------------------------------
  SYS_TOP_dft        tsmc13_wl30           scmetro_tsmc_cl013g_rvt_ss_1p08v_125c

  Point                                    Incr       Path
  -----------------------------------------------------------
  clock ALU_CLK (rise edge)                0.00       0.00
  clock network delay (ideal)              0.00       0.00
  U0_ALU/result_reg[7]/CK (SDFFRQX1M)      0.00       0.00 r
  U0_ALU/result_reg[7]/Q (SDFFRQX1M)       0.76       0.76 f
  U0_ALU/U243/Y (DLY1X1M)                  0.82       1.58 f
  U0_ALU/result_reg[8]/SI (SDFFRQX1M)      0.00       1.58 f
  data arrival time                                   1.58

  clock ALU_CLK (rise edge)                0.00       0.00
  clock network delay (ideal)              0.00       0.00
  clock uncertainty                        0.10       0.10
  U0_ALU/result_reg[8]/CK (SDFFRQX1M)      0.00       0.10 r
  library hold time                       -0.40      -0.30
  data required time                                 -0.30
  -----------------------------------------------------------
  data required time                                 -0.30
  data arrival time                                  -1.58
  -----------------------------------------------------------
  slack (MET)                                         1.88


  Startpoint: U0_ALU/result_reg[1]
              (rising edge-triggered flip-flop clocked by ALU_CLK)
  Endpoint: U0_ALU/result_reg[2]
            (rising edge-triggered flip-flop clocked by ALU_CLK)
  Path Group: ALU_CLK
  Path Type: min

  Des/Clust/Port     Wire Load Model       Library
  ------------------------------------------------
  SYS_TOP_dft        tsmc13_wl30           scmetro_tsmc_cl013g_rvt_ss_1p08v_125c

  Point                                    Incr       Path
  -----------------------------------------------------------
  clock ALU_CLK (rise edge)                0.00       0.00
  clock network delay (ideal)              0.00       0.00
  U0_ALU/result_reg[1]/CK (SDFFRQX1M)      0.00       0.00 r
  U0_ALU/result_reg[1]/Q (SDFFRQX1M)       0.76       0.76 f
  U0_ALU/U245/Y (DLY1X1M)                  0.82       1.58 f
  U0_ALU/result_reg[2]/SI (SDFFRQX1M)      0.00       1.58 f
  data arrival time                                   1.58

  clock ALU_CLK (rise edge)                0.00       0.00
  clock network delay (ideal)              0.00       0.00
  clock uncertainty                        0.10       0.10
  U0_ALU/result_reg[2]/CK (SDFFRQX1M)      0.00       0.10 r
  library hold time                       -0.40      -0.30
  data required time                                 -0.30
  -----------------------------------------------------------
  data required time                                 -0.30
  data arrival time                                  -1.58
  -----------------------------------------------------------
  slack (MET)                                         1.89


  Startpoint: U0_ALU/result_reg[0]
              (rising edge-triggered flip-flop clocked by ALU_CLK)
  Endpoint: U0_ALU/result_reg[1]
            (rising edge-triggered flip-flop clocked by ALU_CLK)
  Path Group: ALU_CLK
  Path Type: min

  Des/Clust/Port     Wire Load Model       Library
  ------------------------------------------------
  SYS_TOP_dft        tsmc13_wl30           scmetro_tsmc_cl013g_rvt_ss_1p08v_125c

  Point                                    Incr       Path
  -----------------------------------------------------------
  clock ALU_CLK (rise edge)                0.00       0.00
  clock network delay (ideal)              0.00       0.00
  U0_ALU/result_reg[0]/CK (SDFFRQX1M)      0.00       0.00 r
  U0_ALU/result_reg[0]/Q (SDFFRQX1M)       0.76       0.76 f
  U0_ALU/U244/Y (DLY1X1M)                  0.82       1.58 f
  U0_ALU/result_reg[1]/SI (SDFFRQX1M)      0.00       1.58 f
  data arrival time                                   1.58

  clock ALU_CLK (rise edge)                0.00       0.00
  clock network delay (ideal)              0.00       0.00
  clock uncertainty                        0.10       0.10
  U0_ALU/result_reg[1]/CK (SDFFRQX1M)      0.00       0.10 r
  library hold time                       -0.40      -0.30
  data required time                                 -0.30
  -----------------------------------------------------------
  data required time                                 -0.30
  data arrival time                                  -1.58
  -----------------------------------------------------------
  slack (MET)                                         1.89


  Startpoint: U0_ALU/result_reg[5]
              (rising edge-triggered flip-flop clocked by ALU_CLK)
  Endpoint: U0_ALU/result_reg[6]
            (rising edge-triggered flip-flop clocked by ALU_CLK)
  Path Group: ALU_CLK
  Path Type: min

  Des/Clust/Port     Wire Load Model       Library
  ------------------------------------------------
  SYS_TOP_dft        tsmc13_wl30           scmetro_tsmc_cl013g_rvt_ss_1p08v_125c

  Point                                    Incr       Path
  -----------------------------------------------------------
  clock ALU_CLK (rise edge)                0.00       0.00
  clock network delay (ideal)              0.00       0.00
  U0_ALU/result_reg[5]/CK (SDFFRQX1M)      0.00       0.00 r
  U0_ALU/result_reg[5]/Q (SDFFRQX1M)       0.76       0.76 f
  U0_ALU/U249/Y (DLY1X1M)                  0.82       1.58 f
  U0_ALU/result_reg[6]/SI (SDFFRQX1M)      0.00       1.58 f
  data arrival time                                   1.58

  clock ALU_CLK (rise edge)                0.00       0.00
  clock network delay (ideal)              0.00       0.00
  clock uncertainty                        0.10       0.10
  U0_ALU/result_reg[6]/CK (SDFFRQX1M)      0.00       0.10 r
  library hold time                       -0.40      -0.30
  data required time                                 -0.30
  -----------------------------------------------------------
  data required time                                 -0.30
  data arrival time                                  -1.58
  -----------------------------------------------------------
  slack (MET)                                         1.89


  Startpoint: U0_ALU/result_reg[4]
              (rising edge-triggered flip-flop clocked by ALU_CLK)
  Endpoint: U0_ALU/result_reg[5]
            (rising edge-triggered flip-flop clocked by ALU_CLK)
  Path Group: ALU_CLK
  Path Type: min

  Des/Clust/Port     Wire Load Model       Library
  ------------------------------------------------
  SYS_TOP_dft        tsmc13_wl30           scmetro_tsmc_cl013g_rvt_ss_1p08v_125c

  Point                                    Incr       Path
  -----------------------------------------------------------
  clock ALU_CLK (rise edge)                0.00       0.00
  clock network delay (ideal)              0.00       0.00
  U0_ALU/result_reg[4]/CK (SDFFRQX1M)      0.00       0.00 r
  U0_ALU/result_reg[4]/Q (SDFFRQX1M)       0.76       0.76 f
  U0_ALU/U248/Y (DLY1X1M)                  0.82       1.58 f
  U0_ALU/result_reg[5]/SI (SDFFRQX1M)      0.00       1.58 f
  data arrival time                                   1.58

  clock ALU_CLK (rise edge)                0.00       0.00
  clock network delay (ideal)              0.00       0.00
  clock uncertainty                        0.10       0.10
  U0_ALU/result_reg[5]/CK (SDFFRQX1M)      0.00       0.10 r
  library hold time                       -0.40      -0.30
  data required time                                 -0.30
  -----------------------------------------------------------
  data required time                                 -0.30
  data arrival time                                  -1.58
  -----------------------------------------------------------
  slack (MET)                                         1.89


  Startpoint: U0_ALU/result_reg[3]
              (rising edge-triggered flip-flop clocked by ALU_CLK)
  Endpoint: U0_ALU/result_reg[4]
            (rising edge-triggered flip-flop clocked by ALU_CLK)
  Path Group: ALU_CLK
  Path Type: min

  Des/Clust/Port     Wire Load Model       Library
  ------------------------------------------------
  SYS_TOP_dft        tsmc13_wl30           scmetro_tsmc_cl013g_rvt_ss_1p08v_125c

  Point                                    Incr       Path
  -----------------------------------------------------------
  clock ALU_CLK (rise edge)                0.00       0.00
  clock network delay (ideal)              0.00       0.00
  U0_ALU/result_reg[3]/CK (SDFFRQX1M)      0.00       0.00 r
  U0_ALU/result_reg[3]/Q (SDFFRQX1M)       0.76       0.76 f
  U0_ALU/U247/Y (DLY1X1M)                  0.82       1.58 f
  U0_ALU/result_reg[4]/SI (SDFFRQX1M)      0.00       1.58 f
  data arrival time                                   1.58

  clock ALU_CLK (rise edge)                0.00       0.00
  clock network delay (ideal)              0.00       0.00
  clock uncertainty                        0.10       0.10
  U0_ALU/result_reg[4]/CK (SDFFRQX1M)      0.00       0.10 r
  library hold time                       -0.40      -0.30
  data required time                                 -0.30
  -----------------------------------------------------------
  data required time                                 -0.30
  data arrival time                                  -1.58
  -----------------------------------------------------------
  slack (MET)                                         1.89


  Startpoint: U0_ALU/result_reg[2]
              (rising edge-triggered flip-flop clocked by ALU_CLK)
  Endpoint: U0_ALU/result_reg[3]
            (rising edge-triggered flip-flop clocked by ALU_CLK)
  Path Group: ALU_CLK
  Path Type: min

  Des/Clust/Port     Wire Load Model       Library
  ------------------------------------------------
  SYS_TOP_dft        tsmc13_wl30           scmetro_tsmc_cl013g_rvt_ss_1p08v_125c

  Point                                    Incr       Path
  -----------------------------------------------------------
  clock ALU_CLK (rise edge)                0.00       0.00
  clock network delay (ideal)              0.00       0.00
  U0_ALU/result_reg[2]/CK (SDFFRQX1M)      0.00       0.00 r
  U0_ALU/result_reg[2]/Q (SDFFRQX1M)       0.76       0.76 f
  U0_ALU/U246/Y (DLY1X1M)                  0.82       1.58 f
  U0_ALU/result_reg[3]/SI (SDFFRQX1M)      0.00       1.58 f
  data arrival time                                   1.58

  clock ALU_CLK (rise edge)                0.00       0.00
  clock network delay (ideal)              0.00       0.00
  clock uncertainty                        0.10       0.10
  U0_ALU/result_reg[3]/CK (SDFFRQX1M)      0.00       0.10 r
  library hold time                       -0.40      -0.30
  data required time                                 -0.30
  -----------------------------------------------------------
  data required time                                 -0.30
  data arrival time                                  -1.58
  -----------------------------------------------------------
  slack (MET)                                         1.89


  Startpoint: U0_ALU/result_reg[6]
              (rising edge-triggered flip-flop clocked by ALU_CLK)
  Endpoint: U0_ALU/result_reg[7]
            (rising edge-triggered flip-flop clocked by ALU_CLK)
  Path Group: ALU_CLK
  Path Type: min

  Des/Clust/Port     Wire Load Model       Library
  ------------------------------------------------
  SYS_TOP_dft        tsmc13_wl30           scmetro_tsmc_cl013g_rvt_ss_1p08v_125c

  Point                                    Incr       Path
  -----------------------------------------------------------
  clock ALU_CLK (rise edge)                0.00       0.00
  clock network delay (ideal)              0.00       0.00
  U0_ALU/result_reg[6]/CK (SDFFRQX1M)      0.00       0.00 r
  U0_ALU/result_reg[6]/Q (SDFFRQX1M)       0.76       0.76 f
  U0_ALU/U250/Y (DLY1X1M)                  0.82       1.58 f
  U0_ALU/result_reg[7]/SI (SDFFRQX1M)      0.00       1.58 f
  data arrival time                                   1.58

  clock ALU_CLK (rise edge)                0.00       0.00
  clock network delay (ideal)              0.00       0.00
  clock uncertainty                        0.10       0.10
  U0_ALU/result_reg[7]/CK (SDFFRQX1M)      0.00       0.10 r
  library hold time                       -0.40      -0.30
  data required time                                 -0.30
  -----------------------------------------------------------
  data required time                                 -0.30
  data arrival time                                  -1.58
  -----------------------------------------------------------
  slack (MET)                                         1.89


  Startpoint: U0_ALU/result_reg[8]
              (rising edge-triggered flip-flop clocked by ALU_CLK)
  Endpoint: U0_ALU/result_reg[9]
            (rising edge-triggered flip-flop clocked by ALU_CLK)
  Path Group: ALU_CLK
  Path Type: min

  Des/Clust/Port     Wire Load Model       Library
  ------------------------------------------------
  SYS_TOP_dft        tsmc13_wl30           scmetro_tsmc_cl013g_rvt_ss_1p08v_125c

  Point                                    Incr       Path
  -----------------------------------------------------------
  clock ALU_CLK (rise edge)                0.00       0.00
  clock network delay (ideal)              0.00       0.00
  U0_ALU/result_reg[8]/CK (SDFFRQX1M)      0.00       0.00 r
  U0_ALU/result_reg[8]/Q (SDFFRQX1M)       0.76       0.76 f
  U0_ALU/U251/Y (DLY1X1M)                  0.83       1.59 f
  U0_ALU/result_reg[9]/SI (SDFFRQX1M)      0.00       1.59 f
  data arrival time                                   1.59

  clock ALU_CLK (rise edge)                0.00       0.00
  clock network delay (ideal)              0.00       0.00
  clock uncertainty                        0.10       0.10
  U0_ALU/result_reg[9]/CK (SDFFRQX1M)      0.00       0.10 r
  library hold time                       -0.40      -0.30
  data required time                                 -0.30
  -----------------------------------------------------------
  data required time                                 -0.30
  data arrival time                                  -1.59
  -----------------------------------------------------------
  slack (MET)                                         1.89


  Startpoint: U0_ALU/result_reg[14]
              (rising edge-triggered flip-flop clocked by ALU_CLK)
  Endpoint: U0_ALU/result_reg[15]
            (rising edge-triggered flip-flop clocked by ALU_CLK)
  Path Group: ALU_CLK
  Path Type: min

  Des/Clust/Port     Wire Load Model       Library
  ------------------------------------------------
  SYS_TOP_dft        tsmc13_wl30           scmetro_tsmc_cl013g_rvt_ss_1p08v_125c

  Point                                                   Incr       Path
  --------------------------------------------------------------------------
  clock ALU_CLK (rise edge)                               0.00       0.00
  clock network delay (ideal)                             0.00       0.00
  U0_ALU/result_reg[14]/CK (SDFFRQX1M)                    0.00       0.00 r
  U0_ALU/result_reg[14]/Q (SDFFRQX1M)                     0.77       0.77 f
  U0_ALU/U257/Y (DLY1X1M)                                 0.83       1.60 f
  U0_ALU/result_reg[15]/SI (SDFFRQX1M)                    0.00       1.60 f
  data arrival time                                                  1.60

  clock ALU_CLK (rise edge)                               0.00       0.00
  clock network delay (ideal)                             0.00       0.00
  clock uncertainty                                       0.10       0.10
  U0_ALU/result_reg[15]/CK (SDFFRQX1M)                    0.00       0.10 r
  library hold time                                      -0.40      -0.30
  data required time                                                -0.30
  --------------------------------------------------------------------------
  data required time                                                -0.30
  data arrival time                                                 -1.60
  --------------------------------------------------------------------------
  slack (MET)                                                        1.91


  Startpoint: U0_ALU/result_reg[13]
              (rising edge-triggered flip-flop clocked by ALU_CLK)
  Endpoint: U0_ALU/result_reg[14]
            (rising edge-triggered flip-flop clocked by ALU_CLK)
  Path Group: ALU_CLK
  Path Type: min

  Des/Clust/Port     Wire Load Model       Library
  ------------------------------------------------
  SYS_TOP_dft        tsmc13_wl30           scmetro_tsmc_cl013g_rvt_ss_1p08v_125c

  Point                                                   Incr       Path
  --------------------------------------------------------------------------
  clock ALU_CLK (rise edge)                               0.00       0.00
  clock network delay (ideal)                             0.00       0.00
  U0_ALU/result_reg[13]/CK (SDFFRQX1M)                    0.00       0.00 r
  U0_ALU/result_reg[13]/Q (SDFFRQX1M)                     0.77       0.77 f
  U0_ALU/U256/Y (DLY1X1M)                                 0.83       1.60 f
  U0_ALU/result_reg[14]/SI (SDFFRQX1M)                    0.00       1.60 f
  data arrival time                                                  1.60

  clock ALU_CLK (rise edge)                               0.00       0.00
  clock network delay (ideal)                             0.00       0.00
  clock uncertainty                                       0.10       0.10
  U0_ALU/result_reg[14]/CK (SDFFRQX1M)                    0.00       0.10 r
  library hold time                                      -0.40      -0.30
  data required time                                                -0.30
  --------------------------------------------------------------------------
  data required time                                                -0.30
  data arrival time                                                 -1.60
  --------------------------------------------------------------------------
  slack (MET)                                                        1.91


  Startpoint: U0_ALU/result_reg[12]
              (rising edge-triggered flip-flop clocked by ALU_CLK)
  Endpoint: U0_ALU/result_reg[13]
            (rising edge-triggered flip-flop clocked by ALU_CLK)
  Path Group: ALU_CLK
  Path Type: min

  Des/Clust/Port     Wire Load Model       Library
  ------------------------------------------------
  SYS_TOP_dft        tsmc13_wl30           scmetro_tsmc_cl013g_rvt_ss_1p08v_125c

  Point                                                   Incr       Path
  --------------------------------------------------------------------------
  clock ALU_CLK (rise edge)                               0.00       0.00
  clock network delay (ideal)                             0.00       0.00
  U0_ALU/result_reg[12]/CK (SDFFRQX1M)                    0.00       0.00 r
  U0_ALU/result_reg[12]/Q (SDFFRQX1M)                     0.77       0.77 f
  U0_ALU/U255/Y (DLY1X1M)                                 0.83       1.60 f
  U0_ALU/result_reg[13]/SI (SDFFRQX1M)                    0.00       1.60 f
  data arrival time                                                  1.60

  clock ALU_CLK (rise edge)                               0.00       0.00
  clock network delay (ideal)                             0.00       0.00
  clock uncertainty                                       0.10       0.10
  U0_ALU/result_reg[13]/CK (SDFFRQX1M)                    0.00       0.10 r
  library hold time                                      -0.40      -0.30
  data required time                                                -0.30
  --------------------------------------------------------------------------
  data required time                                                -0.30
  data arrival time                                                 -1.60
  --------------------------------------------------------------------------
  slack (MET)                                                        1.91


  Startpoint: U0_ALU/result_reg[11]
              (rising edge-triggered flip-flop clocked by ALU_CLK)
  Endpoint: U0_ALU/result_reg[12]
            (rising edge-triggered flip-flop clocked by ALU_CLK)
  Path Group: ALU_CLK
  Path Type: min

  Des/Clust/Port     Wire Load Model       Library
  ------------------------------------------------
  SYS_TOP_dft        tsmc13_wl30           scmetro_tsmc_cl013g_rvt_ss_1p08v_125c

  Point                                                   Incr       Path
  --------------------------------------------------------------------------
  clock ALU_CLK (rise edge)                               0.00       0.00
  clock network delay (ideal)                             0.00       0.00
  U0_ALU/result_reg[11]/CK (SDFFRQX1M)                    0.00       0.00 r
  U0_ALU/result_reg[11]/Q (SDFFRQX1M)                     0.77       0.77 f
  U0_ALU/U254/Y (DLY1X1M)                                 0.83       1.60 f
  U0_ALU/result_reg[12]/SI (SDFFRQX1M)                    0.00       1.60 f
  data arrival time                                                  1.60

  clock ALU_CLK (rise edge)                               0.00       0.00
  clock network delay (ideal)                             0.00       0.00
  clock uncertainty                                       0.10       0.10
  U0_ALU/result_reg[12]/CK (SDFFRQX1M)                    0.00       0.10 r
  library hold time                                      -0.40      -0.30
  data required time                                                -0.30
  --------------------------------------------------------------------------
  data required time                                                -0.30
  data arrival time                                                 -1.60
  --------------------------------------------------------------------------
  slack (MET)                                                        1.91


  Startpoint: U0_ALU/result_reg[10]
              (rising edge-triggered flip-flop clocked by ALU_CLK)
  Endpoint: U0_ALU/result_reg[11]
            (rising edge-triggered flip-flop clocked by ALU_CLK)
  Path Group: ALU_CLK
  Path Type: min

  Des/Clust/Port     Wire Load Model       Library
  ------------------------------------------------
  SYS_TOP_dft        tsmc13_wl30           scmetro_tsmc_cl013g_rvt_ss_1p08v_125c

  Point                                                   Incr       Path
  --------------------------------------------------------------------------
  clock ALU_CLK (rise edge)                               0.00       0.00
  clock network delay (ideal)                             0.00       0.00
  U0_ALU/result_reg[10]/CK (SDFFRQX1M)                    0.00       0.00 r
  U0_ALU/result_reg[10]/Q (SDFFRQX1M)                     0.77       0.77 f
  U0_ALU/U253/Y (DLY1X1M)                                 0.83       1.60 f
  U0_ALU/result_reg[11]/SI (SDFFRQX1M)                    0.00       1.60 f
  data arrival time                                                  1.60

  clock ALU_CLK (rise edge)                               0.00       0.00
  clock network delay (ideal)                             0.00       0.00
  clock uncertainty                                       0.10       0.10
  U0_ALU/result_reg[11]/CK (SDFFRQX1M)                    0.00       0.10 r
  library hold time                                      -0.40      -0.30
  data required time                                                -0.30
  --------------------------------------------------------------------------
  data required time                                                -0.30
  data arrival time                                                 -1.60
  --------------------------------------------------------------------------
  slack (MET)                                                        1.91


  Startpoint: U0_ALU/result_reg[9]
              (rising edge-triggered flip-flop clocked by ALU_CLK)
  Endpoint: U0_ALU/result_reg[10]
            (rising edge-triggered flip-flop clocked by ALU_CLK)
  Path Group: ALU_CLK
  Path Type: min

  Des/Clust/Port     Wire Load Model       Library
  ------------------------------------------------
  SYS_TOP_dft        tsmc13_wl30           scmetro_tsmc_cl013g_rvt_ss_1p08v_125c

  Point                                                   Incr       Path
  --------------------------------------------------------------------------
  clock ALU_CLK (rise edge)                               0.00       0.00
  clock network delay (ideal)                             0.00       0.00
  U0_ALU/result_reg[9]/CK (SDFFRQX1M)                     0.00       0.00 r
  U0_ALU/result_reg[9]/Q (SDFFRQX1M)                      0.77       0.77 f
  U0_ALU/U252/Y (DLY1X1M)                                 0.83       1.60 f
  U0_ALU/result_reg[10]/SI (SDFFRQX1M)                    0.00       1.60 f
  data arrival time                                                  1.60

  clock ALU_CLK (rise edge)                               0.00       0.00
  clock network delay (ideal)                             0.00       0.00
  clock uncertainty                                       0.10       0.10
  U0_ALU/result_reg[10]/CK (SDFFRQX1M)                    0.00       0.10 r
  library hold time                                      -0.40      -0.30
  data required time                                                -0.30
  --------------------------------------------------------------------------
  data required time                                                -0.30
  data arrival time                                                 -1.60
  --------------------------------------------------------------------------
  slack (MET)                                                        1.91


1
