**************************************************
Report         : passing_points

Reference      : Ref:/WORK/SYS_TOP
Implementation : Imp:/WORK/SYS_TOP
Version        : L-2016.03-SP1
Date           : Sun Aug 21 23:22:12 2022
**************************************************

261 Passing compare points:

  Ref  LAT        Ref:/WORK/SYS_TOP/U0_CLK_GATE/U0_TLATNCAX4M
  Impl LAT        Imp:/WORK/SYS_TOP/U0_CLK_GATE/U0_TLATNCAX4M

  Ref  DFF        Ref:/WORK/SYS_TOP/U0_ALU/result_reg[0]
  Impl DFF        Imp:/WORK/SYS_TOP/U0_ALU/result_reg[0]

  Ref  DFF        Ref:/WORK/SYS_TOP/U0_ALU/result_reg[10]
  Impl DFF        Imp:/WORK/SYS_TOP/U0_ALU/result_reg[10]

  Ref  DFF        Ref:/WORK/SYS_TOP/U0_ALU/result_reg[11]
  Impl DFF        Imp:/WORK/SYS_TOP/U0_ALU/result_reg[11]

  Ref  DFF        Ref:/WORK/SYS_TOP/U0_ALU/result_reg[12]
  Impl DFF        Imp:/WORK/SYS_TOP/U0_ALU/result_reg[12]

  Ref  DFF        Ref:/WORK/SYS_TOP/U0_ALU/result_reg[13]
  Impl DFF        Imp:/WORK/SYS_TOP/U0_ALU/result_reg[13]

  Ref  DFF        Ref:/WORK/SYS_TOP/U0_ALU/result_reg[14]
  Impl DFF        Imp:/WORK/SYS_TOP/U0_ALU/result_reg[14]

  Ref  DFF        Ref:/WORK/SYS_TOP/U0_ALU/result_reg[15]
  Impl DFF        Imp:/WORK/SYS_TOP/U0_ALU/result_reg[15]

  Ref  DFF        Ref:/WORK/SYS_TOP/U0_ALU/result_reg[1]
  Impl DFF        Imp:/WORK/SYS_TOP/U0_ALU/result_reg[1]

  Ref  DFF        Ref:/WORK/SYS_TOP/U0_ALU/result_reg[2]
  Impl DFF        Imp:/WORK/SYS_TOP/U0_ALU/result_reg[2]

  Ref  DFF        Ref:/WORK/SYS_TOP/U0_ALU/result_reg[3]
  Impl DFF        Imp:/WORK/SYS_TOP/U0_ALU/result_reg[3]

  Ref  DFF        Ref:/WORK/SYS_TOP/U0_ALU/result_reg[4]
  Impl DFF        Imp:/WORK/SYS_TOP/U0_ALU/result_reg[4]

  Ref  DFF        Ref:/WORK/SYS_TOP/U0_ALU/result_reg[5]
  Impl DFF        Imp:/WORK/SYS_TOP/U0_ALU/result_reg[5]

  Ref  DFF        Ref:/WORK/SYS_TOP/U0_ALU/result_reg[6]
  Impl DFF        Imp:/WORK/SYS_TOP/U0_ALU/result_reg[6]

  Ref  DFF        Ref:/WORK/SYS_TOP/U0_ALU/result_reg[7]
  Impl DFF        Imp:/WORK/SYS_TOP/U0_ALU/result_reg[7]

  Ref  DFF        Ref:/WORK/SYS_TOP/U0_ALU/result_reg[8]
  Impl DFF        Imp:/WORK/SYS_TOP/U0_ALU/result_reg[8]

  Ref  DFF        Ref:/WORK/SYS_TOP/U0_ALU/result_reg[9]
  Impl DFF        Imp:/WORK/SYS_TOP/U0_ALU/result_reg[9]

  Ref  DFF        Ref:/WORK/SYS_TOP/U0_ALU/valid_reg
  Impl DFF        Imp:/WORK/SYS_TOP/U0_ALU/valid_reg

  Ref  DFF        Ref:/WORK/SYS_TOP/U0_ClkDiv/counter_reg[0]
  Impl DFF        Imp:/WORK/SYS_TOP/U0_ClkDiv/counter_reg[0]

  Ref  DFF        Ref:/WORK/SYS_TOP/U0_ClkDiv/counter_reg[1]
  Impl DFF        Imp:/WORK/SYS_TOP/U0_ClkDiv/counter_reg[1]

  Ref  DFF        Ref:/WORK/SYS_TOP/U0_ClkDiv/counter_reg[2]
  Impl DFF        Imp:/WORK/SYS_TOP/U0_ClkDiv/counter_reg[2]

  Ref  DFF        Ref:/WORK/SYS_TOP/U0_ClkDiv/counter_reg[3]
  Impl DFF        Imp:/WORK/SYS_TOP/U0_ClkDiv/counter_reg[3]

  Ref  DFF        Ref:/WORK/SYS_TOP/U0_ClkDiv/counter_reg[4]
  Impl DFF        Imp:/WORK/SYS_TOP/U0_ClkDiv/counter_reg[4]

  Ref  DFF        Ref:/WORK/SYS_TOP/U0_ClkDiv/counter_reg[5]
  Impl DFF        Imp:/WORK/SYS_TOP/U0_ClkDiv/counter_reg[5]

  Ref  DFF        Ref:/WORK/SYS_TOP/U0_ClkDiv/divided_clk_reg
  Impl DFF        Imp:/WORK/SYS_TOP/U0_ClkDiv/divided_clk_reg

  Ref  DFF        Ref:/WORK/SYS_TOP/U0_RST_SYNC_1/Q_reg[0]
  Impl DFF        Imp:/WORK/SYS_TOP/U0_RST_SYNC_1/Q_reg[0]

  Ref  DFF        Ref:/WORK/SYS_TOP/U0_RST_SYNC_1/Q_reg[1]
  Impl DFF        Imp:/WORK/SYS_TOP/U0_RST_SYNC_1/Q_reg[1]

  Ref  DFF        Ref:/WORK/SYS_TOP/U0_RST_SYNC_2/Q_reg[0]
  Impl DFF        Imp:/WORK/SYS_TOP/U0_RST_SYNC_2/Q_reg[0]

  Ref  DFF        Ref:/WORK/SYS_TOP/U0_RST_SYNC_2/Q_reg[1]
  Impl DFF        Imp:/WORK/SYS_TOP/U0_RST_SYNC_2/Q_reg[1]

  Ref  DFF        Ref:/WORK/SYS_TOP/U0_Reg_File/RdData_Valid_reg
  Impl DFF        Imp:/WORK/SYS_TOP/U0_Reg_File/RdData_Valid_reg

  Ref  DFF        Ref:/WORK/SYS_TOP/U0_Reg_File/RdData_reg[0]
  Impl DFF        Imp:/WORK/SYS_TOP/U0_Reg_File/RdData_reg[0]

  Ref  DFF        Ref:/WORK/SYS_TOP/U0_Reg_File/RdData_reg[1]
  Impl DFF        Imp:/WORK/SYS_TOP/U0_Reg_File/RdData_reg[1]

  Ref  DFF        Ref:/WORK/SYS_TOP/U0_Reg_File/RdData_reg[2]
  Impl DFF        Imp:/WORK/SYS_TOP/U0_Reg_File/RdData_reg[2]

  Ref  DFF        Ref:/WORK/SYS_TOP/U0_Reg_File/RdData_reg[3]
  Impl DFF        Imp:/WORK/SYS_TOP/U0_Reg_File/RdData_reg[3]

  Ref  DFF        Ref:/WORK/SYS_TOP/U0_Reg_File/RdData_reg[4]
  Impl DFF        Imp:/WORK/SYS_TOP/U0_Reg_File/RdData_reg[4]

  Ref  DFF        Ref:/WORK/SYS_TOP/U0_Reg_File/RdData_reg[5]
  Impl DFF        Imp:/WORK/SYS_TOP/U0_Reg_File/RdData_reg[5]

  Ref  DFF        Ref:/WORK/SYS_TOP/U0_Reg_File/RdData_reg[6]
  Impl DFF        Imp:/WORK/SYS_TOP/U0_Reg_File/RdData_reg[6]

  Ref  DFF        Ref:/WORK/SYS_TOP/U0_Reg_File/RdData_reg[7]
  Impl DFF        Imp:/WORK/SYS_TOP/U0_Reg_File/RdData_reg[7]

  Ref  DFF        Ref:/WORK/SYS_TOP/U0_Reg_File/registers_reg[0][0]
  Impl DFF        Imp:/WORK/SYS_TOP/U0_Reg_File/registers_reg[0][0]

  Ref  DFF        Ref:/WORK/SYS_TOP/U0_Reg_File/registers_reg[0][1]
  Impl DFF        Imp:/WORK/SYS_TOP/U0_Reg_File/registers_reg[0][1]

  Ref  DFF        Ref:/WORK/SYS_TOP/U0_Reg_File/registers_reg[0][2]
  Impl DFF        Imp:/WORK/SYS_TOP/U0_Reg_File/registers_reg[0][2]

  Ref  DFF        Ref:/WORK/SYS_TOP/U0_Reg_File/registers_reg[0][3]
  Impl DFF        Imp:/WORK/SYS_TOP/U0_Reg_File/registers_reg[0][3]

  Ref  DFF        Ref:/WORK/SYS_TOP/U0_Reg_File/registers_reg[0][4]
  Impl DFF        Imp:/WORK/SYS_TOP/U0_Reg_File/registers_reg[0][4]

  Ref  DFF        Ref:/WORK/SYS_TOP/U0_Reg_File/registers_reg[0][5]
  Impl DFF        Imp:/WORK/SYS_TOP/U0_Reg_File/registers_reg[0][5]

  Ref  DFF        Ref:/WORK/SYS_TOP/U0_Reg_File/registers_reg[0][6]
  Impl DFF        Imp:/WORK/SYS_TOP/U0_Reg_File/registers_reg[0][6]

  Ref  DFF        Ref:/WORK/SYS_TOP/U0_Reg_File/registers_reg[0][7]
  Impl DFF        Imp:/WORK/SYS_TOP/U0_Reg_File/registers_reg[0][7]

  Ref  DFF        Ref:/WORK/SYS_TOP/U0_Reg_File/registers_reg[10][0]
  Impl DFF        Imp:/WORK/SYS_TOP/U0_Reg_File/registers_reg[10][0]

  Ref  DFF        Ref:/WORK/SYS_TOP/U0_Reg_File/registers_reg[10][1]
  Impl DFF        Imp:/WORK/SYS_TOP/U0_Reg_File/registers_reg[10][1]

  Ref  DFF        Ref:/WORK/SYS_TOP/U0_Reg_File/registers_reg[10][2]
  Impl DFF        Imp:/WORK/SYS_TOP/U0_Reg_File/registers_reg[10][2]

  Ref  DFF        Ref:/WORK/SYS_TOP/U0_Reg_File/registers_reg[10][3]
  Impl DFF        Imp:/WORK/SYS_TOP/U0_Reg_File/registers_reg[10][3]

  Ref  DFF        Ref:/WORK/SYS_TOP/U0_Reg_File/registers_reg[10][4]
  Impl DFF        Imp:/WORK/SYS_TOP/U0_Reg_File/registers_reg[10][4]

  Ref  DFF        Ref:/WORK/SYS_TOP/U0_Reg_File/registers_reg[10][5]
  Impl DFF        Imp:/WORK/SYS_TOP/U0_Reg_File/registers_reg[10][5]

  Ref  DFF        Ref:/WORK/SYS_TOP/U0_Reg_File/registers_reg[10][6]
  Impl DFF        Imp:/WORK/SYS_TOP/U0_Reg_File/registers_reg[10][6]

  Ref  DFF        Ref:/WORK/SYS_TOP/U0_Reg_File/registers_reg[10][7]
  Impl DFF        Imp:/WORK/SYS_TOP/U0_Reg_File/registers_reg[10][7]

  Ref  DFF        Ref:/WORK/SYS_TOP/U0_Reg_File/registers_reg[11][0]
  Impl DFF        Imp:/WORK/SYS_TOP/U0_Reg_File/registers_reg[11][0]

  Ref  DFF        Ref:/WORK/SYS_TOP/U0_Reg_File/registers_reg[11][1]
  Impl DFF        Imp:/WORK/SYS_TOP/U0_Reg_File/registers_reg[11][1]

  Ref  DFF        Ref:/WORK/SYS_TOP/U0_Reg_File/registers_reg[11][2]
  Impl DFF        Imp:/WORK/SYS_TOP/U0_Reg_File/registers_reg[11][2]

  Ref  DFF        Ref:/WORK/SYS_TOP/U0_Reg_File/registers_reg[11][3]
  Impl DFF        Imp:/WORK/SYS_TOP/U0_Reg_File/registers_reg[11][3]

  Ref  DFF        Ref:/WORK/SYS_TOP/U0_Reg_File/registers_reg[11][4]
  Impl DFF        Imp:/WORK/SYS_TOP/U0_Reg_File/registers_reg[11][4]

  Ref  DFF        Ref:/WORK/SYS_TOP/U0_Reg_File/registers_reg[11][5]
  Impl DFF        Imp:/WORK/SYS_TOP/U0_Reg_File/registers_reg[11][5]

  Ref  DFF        Ref:/WORK/SYS_TOP/U0_Reg_File/registers_reg[11][6]
  Impl DFF        Imp:/WORK/SYS_TOP/U0_Reg_File/registers_reg[11][6]

  Ref  DFF        Ref:/WORK/SYS_TOP/U0_Reg_File/registers_reg[11][7]
  Impl DFF        Imp:/WORK/SYS_TOP/U0_Reg_File/registers_reg[11][7]

  Ref  DFF        Ref:/WORK/SYS_TOP/U0_Reg_File/registers_reg[12][0]
  Impl DFF        Imp:/WORK/SYS_TOP/U0_Reg_File/registers_reg[12][0]

  Ref  DFF        Ref:/WORK/SYS_TOP/U0_Reg_File/registers_reg[12][1]
  Impl DFF        Imp:/WORK/SYS_TOP/U0_Reg_File/registers_reg[12][1]

  Ref  DFF        Ref:/WORK/SYS_TOP/U0_Reg_File/registers_reg[12][2]
  Impl DFF        Imp:/WORK/SYS_TOP/U0_Reg_File/registers_reg[12][2]

  Ref  DFF        Ref:/WORK/SYS_TOP/U0_Reg_File/registers_reg[12][3]
  Impl DFF        Imp:/WORK/SYS_TOP/U0_Reg_File/registers_reg[12][3]

  Ref  DFF        Ref:/WORK/SYS_TOP/U0_Reg_File/registers_reg[12][4]
  Impl DFF        Imp:/WORK/SYS_TOP/U0_Reg_File/registers_reg[12][4]

  Ref  DFF        Ref:/WORK/SYS_TOP/U0_Reg_File/registers_reg[12][5]
  Impl DFF        Imp:/WORK/SYS_TOP/U0_Reg_File/registers_reg[12][5]

  Ref  DFF        Ref:/WORK/SYS_TOP/U0_Reg_File/registers_reg[12][6]
  Impl DFF        Imp:/WORK/SYS_TOP/U0_Reg_File/registers_reg[12][6]

  Ref  DFF        Ref:/WORK/SYS_TOP/U0_Reg_File/registers_reg[12][7]
  Impl DFF        Imp:/WORK/SYS_TOP/U0_Reg_File/registers_reg[12][7]

  Ref  DFF        Ref:/WORK/SYS_TOP/U0_Reg_File/registers_reg[13][0]
  Impl DFF        Imp:/WORK/SYS_TOP/U0_Reg_File/registers_reg[13][0]

  Ref  DFF        Ref:/WORK/SYS_TOP/U0_Reg_File/registers_reg[13][1]
  Impl DFF        Imp:/WORK/SYS_TOP/U0_Reg_File/registers_reg[13][1]

  Ref  DFF        Ref:/WORK/SYS_TOP/U0_Reg_File/registers_reg[13][2]
  Impl DFF        Imp:/WORK/SYS_TOP/U0_Reg_File/registers_reg[13][2]

  Ref  DFF        Ref:/WORK/SYS_TOP/U0_Reg_File/registers_reg[13][3]
  Impl DFF        Imp:/WORK/SYS_TOP/U0_Reg_File/registers_reg[13][3]

  Ref  DFF        Ref:/WORK/SYS_TOP/U0_Reg_File/registers_reg[13][4]
  Impl DFF        Imp:/WORK/SYS_TOP/U0_Reg_File/registers_reg[13][4]

  Ref  DFF        Ref:/WORK/SYS_TOP/U0_Reg_File/registers_reg[13][5]
  Impl DFF        Imp:/WORK/SYS_TOP/U0_Reg_File/registers_reg[13][5]

  Ref  DFF        Ref:/WORK/SYS_TOP/U0_Reg_File/registers_reg[13][6]
  Impl DFF        Imp:/WORK/SYS_TOP/U0_Reg_File/registers_reg[13][6]

  Ref  DFF        Ref:/WORK/SYS_TOP/U0_Reg_File/registers_reg[13][7]
  Impl DFF        Imp:/WORK/SYS_TOP/U0_Reg_File/registers_reg[13][7]

  Ref  DFF        Ref:/WORK/SYS_TOP/U0_Reg_File/registers_reg[14][0]
  Impl DFF        Imp:/WORK/SYS_TOP/U0_Reg_File/registers_reg[14][0]

  Ref  DFF        Ref:/WORK/SYS_TOP/U0_Reg_File/registers_reg[14][1]
  Impl DFF        Imp:/WORK/SYS_TOP/U0_Reg_File/registers_reg[14][1]

  Ref  DFF        Ref:/WORK/SYS_TOP/U0_Reg_File/registers_reg[14][2]
  Impl DFF        Imp:/WORK/SYS_TOP/U0_Reg_File/registers_reg[14][2]

  Ref  DFF        Ref:/WORK/SYS_TOP/U0_Reg_File/registers_reg[14][3]
  Impl DFF        Imp:/WORK/SYS_TOP/U0_Reg_File/registers_reg[14][3]

  Ref  DFF        Ref:/WORK/SYS_TOP/U0_Reg_File/registers_reg[14][4]
  Impl DFF        Imp:/WORK/SYS_TOP/U0_Reg_File/registers_reg[14][4]

  Ref  DFF        Ref:/WORK/SYS_TOP/U0_Reg_File/registers_reg[14][5]
  Impl DFF        Imp:/WORK/SYS_TOP/U0_Reg_File/registers_reg[14][5]

  Ref  DFF        Ref:/WORK/SYS_TOP/U0_Reg_File/registers_reg[14][6]
  Impl DFF        Imp:/WORK/SYS_TOP/U0_Reg_File/registers_reg[14][6]

  Ref  DFF        Ref:/WORK/SYS_TOP/U0_Reg_File/registers_reg[14][7]
  Impl DFF        Imp:/WORK/SYS_TOP/U0_Reg_File/registers_reg[14][7]

  Ref  DFF        Ref:/WORK/SYS_TOP/U0_Reg_File/registers_reg[15][0]
  Impl DFF        Imp:/WORK/SYS_TOP/U0_Reg_File/registers_reg[15][0]

  Ref  DFF        Ref:/WORK/SYS_TOP/U0_Reg_File/registers_reg[15][1]
  Impl DFF        Imp:/WORK/SYS_TOP/U0_Reg_File/registers_reg[15][1]

  Ref  DFF        Ref:/WORK/SYS_TOP/U0_Reg_File/registers_reg[15][2]
  Impl DFF        Imp:/WORK/SYS_TOP/U0_Reg_File/registers_reg[15][2]

  Ref  DFF        Ref:/WORK/SYS_TOP/U0_Reg_File/registers_reg[15][3]
  Impl DFF        Imp:/WORK/SYS_TOP/U0_Reg_File/registers_reg[15][3]

  Ref  DFF        Ref:/WORK/SYS_TOP/U0_Reg_File/registers_reg[15][4]
  Impl DFF        Imp:/WORK/SYS_TOP/U0_Reg_File/registers_reg[15][4]

  Ref  DFF        Ref:/WORK/SYS_TOP/U0_Reg_File/registers_reg[15][5]
  Impl DFF        Imp:/WORK/SYS_TOP/U0_Reg_File/registers_reg[15][5]

  Ref  DFF        Ref:/WORK/SYS_TOP/U0_Reg_File/registers_reg[15][6]
  Impl DFF        Imp:/WORK/SYS_TOP/U0_Reg_File/registers_reg[15][6]

  Ref  DFF        Ref:/WORK/SYS_TOP/U0_Reg_File/registers_reg[15][7]
  Impl DFF        Imp:/WORK/SYS_TOP/U0_Reg_File/registers_reg[15][7]

  Ref  DFF        Ref:/WORK/SYS_TOP/U0_Reg_File/registers_reg[1][0]
  Impl DFF        Imp:/WORK/SYS_TOP/U0_Reg_File/registers_reg[1][0]

  Ref  DFF        Ref:/WORK/SYS_TOP/U0_Reg_File/registers_reg[1][1]
  Impl DFF        Imp:/WORK/SYS_TOP/U0_Reg_File/registers_reg[1][1]

  Ref  DFF        Ref:/WORK/SYS_TOP/U0_Reg_File/registers_reg[1][2]
  Impl DFF        Imp:/WORK/SYS_TOP/U0_Reg_File/registers_reg[1][2]

  Ref  DFF        Ref:/WORK/SYS_TOP/U0_Reg_File/registers_reg[1][3]
  Impl DFF        Imp:/WORK/SYS_TOP/U0_Reg_File/registers_reg[1][3]

  Ref  DFF        Ref:/WORK/SYS_TOP/U0_Reg_File/registers_reg[1][4]
  Impl DFF        Imp:/WORK/SYS_TOP/U0_Reg_File/registers_reg[1][4]

  Ref  DFF        Ref:/WORK/SYS_TOP/U0_Reg_File/registers_reg[1][5]
  Impl DFF        Imp:/WORK/SYS_TOP/U0_Reg_File/registers_reg[1][5]

  Ref  DFF        Ref:/WORK/SYS_TOP/U0_Reg_File/registers_reg[1][6]
  Impl DFF        Imp:/WORK/SYS_TOP/U0_Reg_File/registers_reg[1][6]

  Ref  DFF        Ref:/WORK/SYS_TOP/U0_Reg_File/registers_reg[1][7]
  Impl DFF        Imp:/WORK/SYS_TOP/U0_Reg_File/registers_reg[1][7]

  Ref  DFF        Ref:/WORK/SYS_TOP/U0_Reg_File/registers_reg[2][0]
  Impl DFF        Imp:/WORK/SYS_TOP/U0_Reg_File/registers_reg[2][0]

  Ref  DFF        Ref:/WORK/SYS_TOP/U0_Reg_File/registers_reg[2][1]
  Impl DFF        Imp:/WORK/SYS_TOP/U0_Reg_File/registers_reg[2][1]

  Ref  DFF        Ref:/WORK/SYS_TOP/U0_Reg_File/registers_reg[2][2]
  Impl DFF        Imp:/WORK/SYS_TOP/U0_Reg_File/registers_reg[2][2]

  Ref  DFF        Ref:/WORK/SYS_TOP/U0_Reg_File/registers_reg[2][3]
  Impl DFF        Imp:/WORK/SYS_TOP/U0_Reg_File/registers_reg[2][3]

  Ref  DFF        Ref:/WORK/SYS_TOP/U0_Reg_File/registers_reg[2][4]
  Impl DFF        Imp:/WORK/SYS_TOP/U0_Reg_File/registers_reg[2][4]

  Ref  DFF        Ref:/WORK/SYS_TOP/U0_Reg_File/registers_reg[2][5]
  Impl DFF        Imp:/WORK/SYS_TOP/U0_Reg_File/registers_reg[2][5]

  Ref  DFF        Ref:/WORK/SYS_TOP/U0_Reg_File/registers_reg[2][6]
  Impl DFF        Imp:/WORK/SYS_TOP/U0_Reg_File/registers_reg[2][6]

  Ref  DFF        Ref:/WORK/SYS_TOP/U0_Reg_File/registers_reg[2][7]
  Impl DFF        Imp:/WORK/SYS_TOP/U0_Reg_File/registers_reg[2][7]

  Ref  DFF        Ref:/WORK/SYS_TOP/U0_Reg_File/registers_reg[3][0]
  Impl DFF        Imp:/WORK/SYS_TOP/U0_Reg_File/registers_reg[3][0]

  Ref  DFF        Ref:/WORK/SYS_TOP/U0_Reg_File/registers_reg[3][1]
  Impl DFF        Imp:/WORK/SYS_TOP/U0_Reg_File/registers_reg[3][1]

  Ref  DFF        Ref:/WORK/SYS_TOP/U0_Reg_File/registers_reg[3][2]
  Impl DFF        Imp:/WORK/SYS_TOP/U0_Reg_File/registers_reg[3][2]

  Ref  DFF        Ref:/WORK/SYS_TOP/U0_Reg_File/registers_reg[3][3]
  Impl DFF        Imp:/WORK/SYS_TOP/U0_Reg_File/registers_reg[3][3]

  Ref  DFF        Ref:/WORK/SYS_TOP/U0_Reg_File/registers_reg[3][4]
  Impl DFF        Imp:/WORK/SYS_TOP/U0_Reg_File/registers_reg[3][4]

  Ref  DFF        Ref:/WORK/SYS_TOP/U0_Reg_File/registers_reg[3][5]
  Impl DFF        Imp:/WORK/SYS_TOP/U0_Reg_File/registers_reg[3][5]

  Ref  DFF        Ref:/WORK/SYS_TOP/U0_Reg_File/registers_reg[3][6]
  Impl DFF        Imp:/WORK/SYS_TOP/U0_Reg_File/registers_reg[3][6]

  Ref  DFF        Ref:/WORK/SYS_TOP/U0_Reg_File/registers_reg[3][7]
  Impl DFF        Imp:/WORK/SYS_TOP/U0_Reg_File/registers_reg[3][7]

  Ref  DFF        Ref:/WORK/SYS_TOP/U0_Reg_File/registers_reg[4][0]
  Impl DFF        Imp:/WORK/SYS_TOP/U0_Reg_File/registers_reg[4][0]

  Ref  DFF        Ref:/WORK/SYS_TOP/U0_Reg_File/registers_reg[4][1]
  Impl DFF        Imp:/WORK/SYS_TOP/U0_Reg_File/registers_reg[4][1]

  Ref  DFF        Ref:/WORK/SYS_TOP/U0_Reg_File/registers_reg[4][2]
  Impl DFF        Imp:/WORK/SYS_TOP/U0_Reg_File/registers_reg[4][2]

  Ref  DFF        Ref:/WORK/SYS_TOP/U0_Reg_File/registers_reg[4][3]
  Impl DFF        Imp:/WORK/SYS_TOP/U0_Reg_File/registers_reg[4][3]

  Ref  DFF        Ref:/WORK/SYS_TOP/U0_Reg_File/registers_reg[4][4]
  Impl DFF        Imp:/WORK/SYS_TOP/U0_Reg_File/registers_reg[4][4]

  Ref  DFF        Ref:/WORK/SYS_TOP/U0_Reg_File/registers_reg[4][5]
  Impl DFF        Imp:/WORK/SYS_TOP/U0_Reg_File/registers_reg[4][5]

  Ref  DFF        Ref:/WORK/SYS_TOP/U0_Reg_File/registers_reg[4][6]
  Impl DFF        Imp:/WORK/SYS_TOP/U0_Reg_File/registers_reg[4][6]

  Ref  DFF        Ref:/WORK/SYS_TOP/U0_Reg_File/registers_reg[4][7]
  Impl DFF        Imp:/WORK/SYS_TOP/U0_Reg_File/registers_reg[4][7]

  Ref  DFF        Ref:/WORK/SYS_TOP/U0_Reg_File/registers_reg[5][0]
  Impl DFF        Imp:/WORK/SYS_TOP/U0_Reg_File/registers_reg[5][0]

  Ref  DFF        Ref:/WORK/SYS_TOP/U0_Reg_File/registers_reg[5][1]
  Impl DFF        Imp:/WORK/SYS_TOP/U0_Reg_File/registers_reg[5][1]

  Ref  DFF        Ref:/WORK/SYS_TOP/U0_Reg_File/registers_reg[5][2]
  Impl DFF        Imp:/WORK/SYS_TOP/U0_Reg_File/registers_reg[5][2]

  Ref  DFF        Ref:/WORK/SYS_TOP/U0_Reg_File/registers_reg[5][3]
  Impl DFF        Imp:/WORK/SYS_TOP/U0_Reg_File/registers_reg[5][3]

  Ref  DFF        Ref:/WORK/SYS_TOP/U0_Reg_File/registers_reg[5][4]
  Impl DFF        Imp:/WORK/SYS_TOP/U0_Reg_File/registers_reg[5][4]

  Ref  DFF        Ref:/WORK/SYS_TOP/U0_Reg_File/registers_reg[5][5]
  Impl DFF        Imp:/WORK/SYS_TOP/U0_Reg_File/registers_reg[5][5]

  Ref  DFF        Ref:/WORK/SYS_TOP/U0_Reg_File/registers_reg[5][6]
  Impl DFF        Imp:/WORK/SYS_TOP/U0_Reg_File/registers_reg[5][6]

  Ref  DFF        Ref:/WORK/SYS_TOP/U0_Reg_File/registers_reg[5][7]
  Impl DFF        Imp:/WORK/SYS_TOP/U0_Reg_File/registers_reg[5][7]

  Ref  DFF        Ref:/WORK/SYS_TOP/U0_Reg_File/registers_reg[6][0]
  Impl DFF        Imp:/WORK/SYS_TOP/U0_Reg_File/registers_reg[6][0]

  Ref  DFF        Ref:/WORK/SYS_TOP/U0_Reg_File/registers_reg[6][1]
  Impl DFF        Imp:/WORK/SYS_TOP/U0_Reg_File/registers_reg[6][1]

  Ref  DFF        Ref:/WORK/SYS_TOP/U0_Reg_File/registers_reg[6][2]
  Impl DFF        Imp:/WORK/SYS_TOP/U0_Reg_File/registers_reg[6][2]

  Ref  DFF        Ref:/WORK/SYS_TOP/U0_Reg_File/registers_reg[6][3]
  Impl DFF        Imp:/WORK/SYS_TOP/U0_Reg_File/registers_reg[6][3]

  Ref  DFF        Ref:/WORK/SYS_TOP/U0_Reg_File/registers_reg[6][4]
  Impl DFF        Imp:/WORK/SYS_TOP/U0_Reg_File/registers_reg[6][4]

  Ref  DFF        Ref:/WORK/SYS_TOP/U0_Reg_File/registers_reg[6][5]
  Impl DFF        Imp:/WORK/SYS_TOP/U0_Reg_File/registers_reg[6][5]

  Ref  DFF        Ref:/WORK/SYS_TOP/U0_Reg_File/registers_reg[6][6]
  Impl DFF        Imp:/WORK/SYS_TOP/U0_Reg_File/registers_reg[6][6]

  Ref  DFF        Ref:/WORK/SYS_TOP/U0_Reg_File/registers_reg[6][7]
  Impl DFF        Imp:/WORK/SYS_TOP/U0_Reg_File/registers_reg[6][7]

  Ref  DFF        Ref:/WORK/SYS_TOP/U0_Reg_File/registers_reg[7][0]
  Impl DFF        Imp:/WORK/SYS_TOP/U0_Reg_File/registers_reg[7][0]

  Ref  DFF        Ref:/WORK/SYS_TOP/U0_Reg_File/registers_reg[7][1]
  Impl DFF        Imp:/WORK/SYS_TOP/U0_Reg_File/registers_reg[7][1]

  Ref  DFF        Ref:/WORK/SYS_TOP/U0_Reg_File/registers_reg[7][2]
  Impl DFF        Imp:/WORK/SYS_TOP/U0_Reg_File/registers_reg[7][2]

  Ref  DFF        Ref:/WORK/SYS_TOP/U0_Reg_File/registers_reg[7][3]
  Impl DFF        Imp:/WORK/SYS_TOP/U0_Reg_File/registers_reg[7][3]

  Ref  DFF        Ref:/WORK/SYS_TOP/U0_Reg_File/registers_reg[7][4]
  Impl DFF        Imp:/WORK/SYS_TOP/U0_Reg_File/registers_reg[7][4]

  Ref  DFF        Ref:/WORK/SYS_TOP/U0_Reg_File/registers_reg[7][5]
  Impl DFF        Imp:/WORK/SYS_TOP/U0_Reg_File/registers_reg[7][5]

  Ref  DFF        Ref:/WORK/SYS_TOP/U0_Reg_File/registers_reg[7][6]
  Impl DFF        Imp:/WORK/SYS_TOP/U0_Reg_File/registers_reg[7][6]

  Ref  DFF        Ref:/WORK/SYS_TOP/U0_Reg_File/registers_reg[7][7]
  Impl DFF        Imp:/WORK/SYS_TOP/U0_Reg_File/registers_reg[7][7]

  Ref  DFF        Ref:/WORK/SYS_TOP/U0_Reg_File/registers_reg[8][0]
  Impl DFF        Imp:/WORK/SYS_TOP/U0_Reg_File/registers_reg[8][0]

  Ref  DFF        Ref:/WORK/SYS_TOP/U0_Reg_File/registers_reg[8][1]
  Impl DFF        Imp:/WORK/SYS_TOP/U0_Reg_File/registers_reg[8][1]

  Ref  DFF        Ref:/WORK/SYS_TOP/U0_Reg_File/registers_reg[8][2]
  Impl DFF        Imp:/WORK/SYS_TOP/U0_Reg_File/registers_reg[8][2]

  Ref  DFF        Ref:/WORK/SYS_TOP/U0_Reg_File/registers_reg[8][3]
  Impl DFF        Imp:/WORK/SYS_TOP/U0_Reg_File/registers_reg[8][3]

  Ref  DFF        Ref:/WORK/SYS_TOP/U0_Reg_File/registers_reg[8][4]
  Impl DFF        Imp:/WORK/SYS_TOP/U0_Reg_File/registers_reg[8][4]

  Ref  DFF        Ref:/WORK/SYS_TOP/U0_Reg_File/registers_reg[8][5]
  Impl DFF        Imp:/WORK/SYS_TOP/U0_Reg_File/registers_reg[8][5]

  Ref  DFF        Ref:/WORK/SYS_TOP/U0_Reg_File/registers_reg[8][6]
  Impl DFF        Imp:/WORK/SYS_TOP/U0_Reg_File/registers_reg[8][6]

  Ref  DFF        Ref:/WORK/SYS_TOP/U0_Reg_File/registers_reg[8][7]
  Impl DFF        Imp:/WORK/SYS_TOP/U0_Reg_File/registers_reg[8][7]

  Ref  DFF        Ref:/WORK/SYS_TOP/U0_Reg_File/registers_reg[9][0]
  Impl DFF        Imp:/WORK/SYS_TOP/U0_Reg_File/registers_reg[9][0]

  Ref  DFF        Ref:/WORK/SYS_TOP/U0_Reg_File/registers_reg[9][1]
  Impl DFF        Imp:/WORK/SYS_TOP/U0_Reg_File/registers_reg[9][1]

  Ref  DFF        Ref:/WORK/SYS_TOP/U0_Reg_File/registers_reg[9][2]
  Impl DFF        Imp:/WORK/SYS_TOP/U0_Reg_File/registers_reg[9][2]

  Ref  DFF        Ref:/WORK/SYS_TOP/U0_Reg_File/registers_reg[9][3]
  Impl DFF        Imp:/WORK/SYS_TOP/U0_Reg_File/registers_reg[9][3]

  Ref  DFF        Ref:/WORK/SYS_TOP/U0_Reg_File/registers_reg[9][4]
  Impl DFF        Imp:/WORK/SYS_TOP/U0_Reg_File/registers_reg[9][4]

  Ref  DFF        Ref:/WORK/SYS_TOP/U0_Reg_File/registers_reg[9][5]
  Impl DFF        Imp:/WORK/SYS_TOP/U0_Reg_File/registers_reg[9][5]

  Ref  DFF        Ref:/WORK/SYS_TOP/U0_Reg_File/registers_reg[9][6]
  Impl DFF        Imp:/WORK/SYS_TOP/U0_Reg_File/registers_reg[9][6]

  Ref  DFF        Ref:/WORK/SYS_TOP/U0_Reg_File/registers_reg[9][7]
  Impl DFF        Imp:/WORK/SYS_TOP/U0_Reg_File/registers_reg[9][7]

  Ref  DFF        Ref:/WORK/SYS_TOP/U0_SYS_CTRL/TX_D_VALID_reg
  Impl DFF        Imp:/WORK/SYS_TOP/U0_SYS_CTRL/TX_D_VALID_reg

  Ref  DFF        Ref:/WORK/SYS_TOP/U0_SYS_CTRL/TX_P_DATA_reg[0]
  Impl DFF        Imp:/WORK/SYS_TOP/U0_SYS_CTRL/TX_P_DATA_reg[0]

  Ref  DFF        Ref:/WORK/SYS_TOP/U0_SYS_CTRL/TX_P_DATA_reg[1]
  Impl DFF        Imp:/WORK/SYS_TOP/U0_SYS_CTRL/TX_P_DATA_reg[1]

  Ref  DFF        Ref:/WORK/SYS_TOP/U0_SYS_CTRL/TX_P_DATA_reg[2]
  Impl DFF        Imp:/WORK/SYS_TOP/U0_SYS_CTRL/TX_P_DATA_reg[2]

  Ref  DFF        Ref:/WORK/SYS_TOP/U0_SYS_CTRL/TX_P_DATA_reg[3]
  Impl DFF        Imp:/WORK/SYS_TOP/U0_SYS_CTRL/TX_P_DATA_reg[3]

  Ref  DFF        Ref:/WORK/SYS_TOP/U0_SYS_CTRL/TX_P_DATA_reg[4]
  Impl DFF        Imp:/WORK/SYS_TOP/U0_SYS_CTRL/TX_P_DATA_reg[4]

  Ref  DFF        Ref:/WORK/SYS_TOP/U0_SYS_CTRL/TX_P_DATA_reg[5]
  Impl DFF        Imp:/WORK/SYS_TOP/U0_SYS_CTRL/TX_P_DATA_reg[5]

  Ref  DFF        Ref:/WORK/SYS_TOP/U0_SYS_CTRL/TX_P_DATA_reg[6]
  Impl DFF        Imp:/WORK/SYS_TOP/U0_SYS_CTRL/TX_P_DATA_reg[6]

  Ref  DFF        Ref:/WORK/SYS_TOP/U0_SYS_CTRL/TX_P_DATA_reg[7]
  Impl DFF        Imp:/WORK/SYS_TOP/U0_SYS_CTRL/TX_P_DATA_reg[7]

  Ref  DFF        Ref:/WORK/SYS_TOP/U0_SYS_CTRL/current_state_1_reg[0]
  Impl DFF        Imp:/WORK/SYS_TOP/U0_SYS_CTRL/current_state_1_reg[0]

  Ref  DFF        Ref:/WORK/SYS_TOP/U0_SYS_CTRL/current_state_1_reg[1]
  Impl DFF        Imp:/WORK/SYS_TOP/U0_SYS_CTRL/current_state_1_reg[1]

  Ref  DFF        Ref:/WORK/SYS_TOP/U0_SYS_CTRL/current_state_1_reg[2]
  Impl DFF        Imp:/WORK/SYS_TOP/U0_SYS_CTRL/current_state_1_reg[2]

  Ref  DFF        Ref:/WORK/SYS_TOP/U0_SYS_CTRL/current_state_2_reg[0]
  Impl DFF        Imp:/WORK/SYS_TOP/U0_SYS_CTRL/current_state_2_reg[0]

  Ref  DFF        Ref:/WORK/SYS_TOP/U0_SYS_CTRL/current_state_2_reg[1]
  Impl DFF        Imp:/WORK/SYS_TOP/U0_SYS_CTRL/current_state_2_reg[1]

  Ref  DFF        Ref:/WORK/SYS_TOP/U0_SYS_CTRL/current_state_2_reg[2]
  Impl DFF        Imp:/WORK/SYS_TOP/U0_SYS_CTRL/current_state_2_reg[2]

  Ref  DFF        Ref:/WORK/SYS_TOP/U0_SYS_CTRL/isPreviousOperationALU_reg
  Impl DFF        Imp:/WORK/SYS_TOP/U0_SYS_CTRL/isPreviousOperationALU_reg

  Ref  DFF        Ref:/WORK/SYS_TOP/U0_SYS_CTRL/write_address_reg[0]
  Impl DFF        Imp:/WORK/SYS_TOP/U0_SYS_CTRL/write_address_reg[0]

  Ref  DFF        Ref:/WORK/SYS_TOP/U0_SYS_CTRL/write_address_reg[1]
  Impl DFF        Imp:/WORK/SYS_TOP/U0_SYS_CTRL/write_address_reg[1]

  Ref  DFF        Ref:/WORK/SYS_TOP/U0_SYS_CTRL/write_address_reg[2]
  Impl DFF        Imp:/WORK/SYS_TOP/U0_SYS_CTRL/write_address_reg[2]

  Ref  DFF        Ref:/WORK/SYS_TOP/U0_SYS_CTRL/write_address_reg[3]
  Impl DFF        Imp:/WORK/SYS_TOP/U0_SYS_CTRL/write_address_reg[3]

  Ref  DFF        Ref:/WORK/SYS_TOP/U0_UART/U0_UART_Tx/U0/busy_reg
  Impl DFF        Imp:/WORK/SYS_TOP/U0_UART/U0_UART_Tx/U0/busy_reg

  Ref  DFF        Ref:/WORK/SYS_TOP/U0_UART/U0_UART_Tx/U0/current_state_reg[0]
  Impl DFF        Imp:/WORK/SYS_TOP/U0_UART/U0_UART_Tx/U0/current_state_reg[0]

  Ref  DFF        Ref:/WORK/SYS_TOP/U0_UART/U0_UART_Tx/U0/current_state_reg[1]
  Impl DFF        Imp:/WORK/SYS_TOP/U0_UART/U0_UART_Tx/U0/current_state_reg[1]

  Ref  DFF        Ref:/WORK/SYS_TOP/U0_UART/U0_UART_Tx/U0/current_state_reg[2]
  Impl DFF        Imp:/WORK/SYS_TOP/U0_UART/U0_UART_Tx/U0/current_state_reg[2]

  Ref  DFF        Ref:/WORK/SYS_TOP/U0_UART/U0_UART_Tx/U1/counter_reg[0]
  Impl DFF        Imp:/WORK/SYS_TOP/U0_UART/U0_UART_Tx/U1/counter_reg[0]

  Ref  DFF        Ref:/WORK/SYS_TOP/U0_UART/U0_UART_Tx/U1/counter_reg[1]
  Impl DFF        Imp:/WORK/SYS_TOP/U0_UART/U0_UART_Tx/U1/counter_reg[1]

  Ref  DFF        Ref:/WORK/SYS_TOP/U0_UART/U0_UART_Tx/U1/counter_reg[2]
  Impl DFF        Imp:/WORK/SYS_TOP/U0_UART/U0_UART_Tx/U1/counter_reg[2]

  Ref  DFF        Ref:/WORK/SYS_TOP/U0_UART/U0_UART_Tx/U1/done_reg
  Impl DFF        Imp:/WORK/SYS_TOP/U0_UART/U0_UART_Tx/U1/done_reg

  Ref  DFF        Ref:/WORK/SYS_TOP/U0_UART/U0_UART_Tx/U1/shift_reg_reg[0]
  Impl DFF        Imp:/WORK/SYS_TOP/U0_UART/U0_UART_Tx/U1/shift_reg_reg[0]

  Ref  DFF        Ref:/WORK/SYS_TOP/U0_UART/U0_UART_Tx/U1/shift_reg_reg[1]
  Impl DFF        Imp:/WORK/SYS_TOP/U0_UART/U0_UART_Tx/U1/shift_reg_reg[1]

  Ref  DFF        Ref:/WORK/SYS_TOP/U0_UART/U0_UART_Tx/U1/shift_reg_reg[2]
  Impl DFF        Imp:/WORK/SYS_TOP/U0_UART/U0_UART_Tx/U1/shift_reg_reg[2]

  Ref  DFF        Ref:/WORK/SYS_TOP/U0_UART/U0_UART_Tx/U1/shift_reg_reg[3]
  Impl DFF        Imp:/WORK/SYS_TOP/U0_UART/U0_UART_Tx/U1/shift_reg_reg[3]

  Ref  DFF        Ref:/WORK/SYS_TOP/U0_UART/U0_UART_Tx/U1/shift_reg_reg[4]
  Impl DFF        Imp:/WORK/SYS_TOP/U0_UART/U0_UART_Tx/U1/shift_reg_reg[4]

  Ref  DFF        Ref:/WORK/SYS_TOP/U0_UART/U0_UART_Tx/U1/shift_reg_reg[5]
  Impl DFF        Imp:/WORK/SYS_TOP/U0_UART/U0_UART_Tx/U1/shift_reg_reg[5]

  Ref  DFF        Ref:/WORK/SYS_TOP/U0_UART/U0_UART_Tx/U1/shift_reg_reg[6]
  Impl DFF        Imp:/WORK/SYS_TOP/U0_UART/U0_UART_Tx/U1/shift_reg_reg[6]

  Ref  DFF        Ref:/WORK/SYS_TOP/U0_UART/U0_UART_Tx/U1/shift_reg_reg[7]
  Impl DFF        Imp:/WORK/SYS_TOP/U0_UART/U0_UART_Tx/U1/shift_reg_reg[7]

  Ref  DFF        Ref:/WORK/SYS_TOP/U0_UART/U0_UART_Tx/U2/parity_result_reg
  Impl DFF        Imp:/WORK/SYS_TOP/U0_UART/U0_UART_Tx/U2/parity_result_reg

  Ref  DFF        Ref:/WORK/SYS_TOP/U0_UART/U0_UART_Tx/U3/out_reg
  Impl DFF        Imp:/WORK/SYS_TOP/U0_UART/U0_UART_Tx/U3/out_reg

  Ref  DFF        Ref:/WORK/SYS_TOP/U0_UART/U1_UART_Rx/U0_FSM/current_state_reg[0]
  Impl DFF        Imp:/WORK/SYS_TOP/U0_UART/U1_UART_Rx/U0_FSM/current_state_reg[0]

  Ref  DFF        Ref:/WORK/SYS_TOP/U0_UART/U1_UART_Rx/U0_FSM/current_state_reg[1]
  Impl DFF        Imp:/WORK/SYS_TOP/U0_UART/U1_UART_Rx/U0_FSM/current_state_reg[1]

  Ref  DFF        Ref:/WORK/SYS_TOP/U0_UART/U1_UART_Rx/U0_FSM/current_state_reg[2]
  Impl DFF        Imp:/WORK/SYS_TOP/U0_UART/U1_UART_Rx/U0_FSM/current_state_reg[2]

  Ref  DFF        Ref:/WORK/SYS_TOP/U0_UART/U1_UART_Rx/U0_FSM/data_valid_reg
  Impl DFF        Imp:/WORK/SYS_TOP/U0_UART/U1_UART_Rx/U0_FSM/data_valid_reg

  Ref  DFF        Ref:/WORK/SYS_TOP/U0_UART/U1_UART_Rx/U1_Sampler/sample1_reg
  Impl DFF        Imp:/WORK/SYS_TOP/U0_UART/U1_UART_Rx/U1_Sampler/sample1_reg

  Ref  DFF        Ref:/WORK/SYS_TOP/U0_UART/U1_UART_Rx/U1_Sampler/sample2_reg
  Impl DFF        Imp:/WORK/SYS_TOP/U0_UART/U1_UART_Rx/U1_Sampler/sample2_reg

  Ref  DFF        Ref:/WORK/SYS_TOP/U0_UART/U1_UART_Rx/U1_Sampler/sample3_reg
  Impl DFF        Imp:/WORK/SYS_TOP/U0_UART/U1_UART_Rx/U1_Sampler/sample3_reg

  Ref  DFF        Ref:/WORK/SYS_TOP/U0_UART/U1_UART_Rx/U2_Deserializer/shift_reg_reg[0]
  Impl DFF        Imp:/WORK/SYS_TOP/U0_UART/U1_UART_Rx/U2_Deserializer/shift_reg_reg[0]

  Ref  DFF        Ref:/WORK/SYS_TOP/U0_UART/U1_UART_Rx/U2_Deserializer/shift_reg_reg[1]
  Impl DFF        Imp:/WORK/SYS_TOP/U0_UART/U1_UART_Rx/U2_Deserializer/shift_reg_reg[1]

  Ref  DFF        Ref:/WORK/SYS_TOP/U0_UART/U1_UART_Rx/U2_Deserializer/shift_reg_reg[2]
  Impl DFF        Imp:/WORK/SYS_TOP/U0_UART/U1_UART_Rx/U2_Deserializer/shift_reg_reg[2]

  Ref  DFF        Ref:/WORK/SYS_TOP/U0_UART/U1_UART_Rx/U2_Deserializer/shift_reg_reg[3]
  Impl DFF        Imp:/WORK/SYS_TOP/U0_UART/U1_UART_Rx/U2_Deserializer/shift_reg_reg[3]

  Ref  DFF        Ref:/WORK/SYS_TOP/U0_UART/U1_UART_Rx/U2_Deserializer/shift_reg_reg[4]
  Impl DFF        Imp:/WORK/SYS_TOP/U0_UART/U1_UART_Rx/U2_Deserializer/shift_reg_reg[4]

  Ref  DFF        Ref:/WORK/SYS_TOP/U0_UART/U1_UART_Rx/U2_Deserializer/shift_reg_reg[5]
  Impl DFF        Imp:/WORK/SYS_TOP/U0_UART/U1_UART_Rx/U2_Deserializer/shift_reg_reg[5]

  Ref  DFF        Ref:/WORK/SYS_TOP/U0_UART/U1_UART_Rx/U2_Deserializer/shift_reg_reg[6]
  Impl DFF        Imp:/WORK/SYS_TOP/U0_UART/U1_UART_Rx/U2_Deserializer/shift_reg_reg[6]

  Ref  DFF        Ref:/WORK/SYS_TOP/U0_UART/U1_UART_Rx/U2_Deserializer/shift_reg_reg[7]
  Impl DFF        Imp:/WORK/SYS_TOP/U0_UART/U1_UART_Rx/U2_Deserializer/shift_reg_reg[7]

  Ref  DFF        Ref:/WORK/SYS_TOP/U0_UART/U1_UART_Rx/U3_Counter/bit_counter_reg[0]
  Impl DFF        Imp:/WORK/SYS_TOP/U0_UART/U1_UART_Rx/U3_Counter/bit_counter_reg[0]

  Ref  DFF        Ref:/WORK/SYS_TOP/U0_UART/U1_UART_Rx/U3_Counter/bit_counter_reg[1]
  Impl DFF        Imp:/WORK/SYS_TOP/U0_UART/U1_UART_Rx/U3_Counter/bit_counter_reg[1]

  Ref  DFF        Ref:/WORK/SYS_TOP/U0_UART/U1_UART_Rx/U3_Counter/bit_counter_reg[2]
  Impl DFF        Imp:/WORK/SYS_TOP/U0_UART/U1_UART_Rx/U3_Counter/bit_counter_reg[2]

  Ref  DFF        Ref:/WORK/SYS_TOP/U0_UART/U1_UART_Rx/U3_Counter/bit_counter_reg[3]
  Impl DFF        Imp:/WORK/SYS_TOP/U0_UART/U1_UART_Rx/U3_Counter/bit_counter_reg[3]

  Ref  DFF        Ref:/WORK/SYS_TOP/U0_UART/U1_UART_Rx/U3_Counter/edge_counter_reg[0]
  Impl DFF        Imp:/WORK/SYS_TOP/U0_UART/U1_UART_Rx/U3_Counter/edge_counter_reg[0]

  Ref  DFF        Ref:/WORK/SYS_TOP/U0_UART/U1_UART_Rx/U3_Counter/edge_counter_reg[1]
  Impl DFF        Imp:/WORK/SYS_TOP/U0_UART/U1_UART_Rx/U3_Counter/edge_counter_reg[1]

  Ref  DFF        Ref:/WORK/SYS_TOP/U0_UART/U1_UART_Rx/U3_Counter/edge_counter_reg[2]
  Impl DFF        Imp:/WORK/SYS_TOP/U0_UART/U1_UART_Rx/U3_Counter/edge_counter_reg[2]

  Ref  DFF        Ref:/WORK/SYS_TOP/U0_UART/U1_UART_Rx/U3_Counter/edge_counter_reg[3]
  Impl DFF        Imp:/WORK/SYS_TOP/U0_UART/U1_UART_Rx/U3_Counter/edge_counter_reg[3]

  Ref  DFF        Ref:/WORK/SYS_TOP/U0_UART/U1_UART_Rx/U3_Counter/edge_counter_reg[4]
  Impl DFF        Imp:/WORK/SYS_TOP/U0_UART/U1_UART_Rx/U3_Counter/edge_counter_reg[4]

  Ref  DFF        Ref:/WORK/SYS_TOP/U0_UART/U1_UART_Rx/U3_Counter/edge_counter_reg[5]
  Impl DFF        Imp:/WORK/SYS_TOP/U0_UART/U1_UART_Rx/U3_Counter/edge_counter_reg[5]

  Ref  DFF        Ref:/WORK/SYS_TOP/U0_UART/U1_UART_Rx/U4_Parity/parity_error_reg
  Impl DFF        Imp:/WORK/SYS_TOP/U0_UART/U1_UART_Rx/U4_Parity/parity_error_reg

  Ref  DFF        Ref:/WORK/SYS_TOP/U0_UART/U1_UART_Rx/U5_Start/glitch_reg
  Impl DFF        Imp:/WORK/SYS_TOP/U0_UART/U1_UART_Rx/U5_Start/glitch_reg

  Ref  DFF        Ref:/WORK/SYS_TOP/U0_UART/U1_UART_Rx/U6_Stop/stop_error_reg
  Impl DFF        Imp:/WORK/SYS_TOP/U0_UART/U1_UART_Rx/U6_Stop/stop_error_reg

  Ref  DFF        Ref:/WORK/SYS_TOP/U0_bit_synchronizer/Q_reg[0][0]
  Impl DFF        Imp:/WORK/SYS_TOP/U0_bit_synchronizer/Q_reg[0][0]

  Ref  DFF        Ref:/WORK/SYS_TOP/U0_bit_synchronizer/Q_reg[0][1]
  Impl DFF        Imp:/WORK/SYS_TOP/U0_bit_synchronizer/Q_reg[0][1]

  Ref  DFF        Ref:/WORK/SYS_TOP/U0_data_sync_1/U0/Q_reg[0][0]
  Impl DFF        Imp:/WORK/SYS_TOP/U0_data_sync_1/U0/Q_reg[0][0]

  Ref  DFF        Ref:/WORK/SYS_TOP/U0_data_sync_1/U0/Q_reg[0][1]
  Impl DFF        Imp:/WORK/SYS_TOP/U0_data_sync_1/U0/Q_reg[0][1]

  Ref  DFF        Ref:/WORK/SYS_TOP/U0_data_sync_1/U1/Q_reg
  Impl DFF        Imp:/WORK/SYS_TOP/U0_data_sync_1/U1/Q_reg

  Ref  DFF        Ref:/WORK/SYS_TOP/U0_data_sync_1/enable_pulse_reg
  Impl DFF        Imp:/WORK/SYS_TOP/U0_data_sync_1/enable_pulse_reg

  Ref  DFF        Ref:/WORK/SYS_TOP/U0_data_sync_1/sync_bus_reg[0]
  Impl DFF        Imp:/WORK/SYS_TOP/U0_data_sync_1/sync_bus_reg[0]

  Ref  DFF        Ref:/WORK/SYS_TOP/U0_data_sync_1/sync_bus_reg[1]
  Impl DFF        Imp:/WORK/SYS_TOP/U0_data_sync_1/sync_bus_reg[1]

  Ref  DFF        Ref:/WORK/SYS_TOP/U0_data_sync_1/sync_bus_reg[2]
  Impl DFF        Imp:/WORK/SYS_TOP/U0_data_sync_1/sync_bus_reg[2]

  Ref  DFF        Ref:/WORK/SYS_TOP/U0_data_sync_1/sync_bus_reg[3]
  Impl DFF        Imp:/WORK/SYS_TOP/U0_data_sync_1/sync_bus_reg[3]

  Ref  DFF        Ref:/WORK/SYS_TOP/U0_data_sync_1/sync_bus_reg[4]
  Impl DFF        Imp:/WORK/SYS_TOP/U0_data_sync_1/sync_bus_reg[4]

  Ref  DFF        Ref:/WORK/SYS_TOP/U0_data_sync_1/sync_bus_reg[5]
  Impl DFF        Imp:/WORK/SYS_TOP/U0_data_sync_1/sync_bus_reg[5]

  Ref  DFF        Ref:/WORK/SYS_TOP/U0_data_sync_1/sync_bus_reg[6]
  Impl DFF        Imp:/WORK/SYS_TOP/U0_data_sync_1/sync_bus_reg[6]

  Ref  DFF        Ref:/WORK/SYS_TOP/U0_data_sync_1/sync_bus_reg[7]
  Impl DFF        Imp:/WORK/SYS_TOP/U0_data_sync_1/sync_bus_reg[7]

  Ref  DFF        Ref:/WORK/SYS_TOP/U0_data_sync_2/U0/Q_reg[0][0]
  Impl DFF        Imp:/WORK/SYS_TOP/U0_data_sync_2/U0/Q_reg[0][0]

  Ref  DFF        Ref:/WORK/SYS_TOP/U0_data_sync_2/U0/Q_reg[0][1]
  Impl DFF        Imp:/WORK/SYS_TOP/U0_data_sync_2/U0/Q_reg[0][1]

  Ref  DFF        Ref:/WORK/SYS_TOP/U0_data_sync_2/U1/Q_reg
  Impl DFF        Imp:/WORK/SYS_TOP/U0_data_sync_2/U1/Q_reg

  Ref  DFF        Ref:/WORK/SYS_TOP/U0_data_sync_2/enable_pulse_reg
  Impl DFF        Imp:/WORK/SYS_TOP/U0_data_sync_2/enable_pulse_reg

  Ref  DFF        Ref:/WORK/SYS_TOP/U0_data_sync_2/sync_bus_reg[0]
  Impl DFF        Imp:/WORK/SYS_TOP/U0_data_sync_2/sync_bus_reg[0]

  Ref  DFF        Ref:/WORK/SYS_TOP/U0_data_sync_2/sync_bus_reg[1]
  Impl DFF        Imp:/WORK/SYS_TOP/U0_data_sync_2/sync_bus_reg[1]

  Ref  DFF        Ref:/WORK/SYS_TOP/U0_data_sync_2/sync_bus_reg[2]
  Impl DFF        Imp:/WORK/SYS_TOP/U0_data_sync_2/sync_bus_reg[2]

  Ref  DFF        Ref:/WORK/SYS_TOP/U0_data_sync_2/sync_bus_reg[3]
  Impl DFF        Imp:/WORK/SYS_TOP/U0_data_sync_2/sync_bus_reg[3]

  Ref  DFF        Ref:/WORK/SYS_TOP/U0_data_sync_2/sync_bus_reg[4]
  Impl DFF        Imp:/WORK/SYS_TOP/U0_data_sync_2/sync_bus_reg[4]

  Ref  DFF        Ref:/WORK/SYS_TOP/U0_data_sync_2/sync_bus_reg[5]
  Impl DFF        Imp:/WORK/SYS_TOP/U0_data_sync_2/sync_bus_reg[5]

  Ref  DFF        Ref:/WORK/SYS_TOP/U0_data_sync_2/sync_bus_reg[6]
  Impl DFF        Imp:/WORK/SYS_TOP/U0_data_sync_2/sync_bus_reg[6]

  Ref  DFF        Ref:/WORK/SYS_TOP/U0_data_sync_2/sync_bus_reg[7]
  Impl DFF        Imp:/WORK/SYS_TOP/U0_data_sync_2/sync_bus_reg[7]

  Ref  Port       Ref:/WORK/SYS_TOP/PARITY_ERROR
  Impl Port       Imp:/WORK/SYS_TOP/PARITY_ERROR

  Ref  Port       Ref:/WORK/SYS_TOP/STOP_ERROR
  Impl Port       Imp:/WORK/SYS_TOP/STOP_ERROR

  Ref  Port       Ref:/WORK/SYS_TOP/TX_OUT
  Impl Port       Imp:/WORK/SYS_TOP/TX_OUT

 [BBNet: multiply-driven net
  BBPin: black-box pin
  Cut:   cut-point
  DFF:   non-constant DFF register
  DFF0:  constant 0 DFF register
  DFF1:  constant 1 DFF register
  DFFX:  constant X DFF register
  DFF0X: constrained 0X DFF register
  DFF1X: constrained 1X DFF register
  LAT:   non-constant latch register
  LAT0:  constant 0 latch register
  LAT1:  constant 1 latch register
  LATX:  constant X latch register
  LAT0X: constrained 0X latch register
  LAT1X: constrained 1X latch register
  LATCG: clock-gating latch register
  TLA:   transparent latch register
  TLA0X: transparent constrained 0X latch register
  TLA1X: transparent constrained 1X latch register
  Loop:  cycle break point
  Port:  primary (top-level) port
  Und:   undriven signal cut-point
  Unk:   unknown signal cut-point]

1
